\BOOKMARK [0][-]{chapter*.3}{Introduction}{}
\BOOKMARK [0][-]{chapter.1}{I Contexte th\351orique}{}
\BOOKMARK [1][-]{section*.4}{Introduction}{chapter.1}
\BOOKMARK [1][-]{section.1.1}{I.1 Dynamique et incertitude en optimisation}{chapter.1}
\BOOKMARK [2][-]{subsection.1.1.1}{I.1.1 D\351finition}{section.1.1}
\BOOKMARK [2][-]{subsection.1.1.2}{I.1.2 Optimisation et probl\350me d\351cisionnel}{section.1.1}
\BOOKMARK [2][-]{subsection.1.1.3}{I.1.3 Identifier l'incertitude}{section.1.1}
\BOOKMARK [2][-]{subsection.1.1.4}{I.1.4 G\351rer l'incertitude}{section.1.1}
\BOOKMARK [2][-]{subsection.1.1.5}{I.1.5 Gestion de la dynamique}{section.1.1}
\BOOKMARK [2][-]{subsection.1.1.6}{I.1.6 M\351thodes de r\351solutions adapt\351es aux environnements dynamiques}{section.1.1}
\BOOKMARK [1][-]{section.1.2}{I.2 Probl\350mes de voyageurs de commerce}{chapter.1}
\BOOKMARK [2][-]{subsection.1.2.1}{I.2.1 D\351finition}{section.1.2}
\BOOKMARK [2][-]{subsection.1.2.2}{I.2.2 Historique}{section.1.2}
\BOOKMARK [2][-]{subsection.1.2.3}{I.2.3 M\351thodes de r\351solution}{section.1.2}
\BOOKMARK [2][-]{subsection.1.2.4}{I.2.4 G\351n\351ralisation \340 m voyageurs : The Multiple Traveling Salesman Problem \(M-TSP\)}{section.1.2}
\BOOKMARK [1][-]{section.1.3}{I.3 Probl\350mes de tourn\351es de v\351hicules}{chapter.1}
\BOOKMARK [2][-]{subsection.1.3.1}{I.3.1 Definition}{section.1.3}
\BOOKMARK [2][-]{subsection.1.3.2}{I.3.2 Les variantes du probl\350me}{section.1.3}
\BOOKMARK [2][-]{subsection.1.3.3}{I.3.3 Probl\350me d\351cisionnel et formulation math\351matique}{section.1.3}
\BOOKMARK [2][-]{subsection.1.3.4}{I.3.4 Fonction objectif}{section.1.3}
\BOOKMARK [2][-]{subsection.1.3.5}{I.3.5 M\351thodes de r\351solution}{section.1.3}
\BOOKMARK [2][-]{subsection.1.3.6}{I.3.6 Probl\350me dynamique}{section.1.3}
\BOOKMARK [1][-]{section.1.4}{I.4 Probl\350mes d'ateliers}{chapter.1}
\BOOKMARK [2][-]{subsection.1.4.1}{I.4.1 D\351finition et variantes du probl\350me}{section.1.4}
\BOOKMARK [2][-]{subsection.1.4.2}{I.4.2 M\351thodes de r\351solution}{section.1.4}
\BOOKMARK [2][-]{subsection.1.4.3}{I.4.3 Probl\350me dynamique}{section.1.4}
\BOOKMARK [1][-]{section*.28}{Conclusions}{chapter.1}
\BOOKMARK [0][-]{chapter.2}{II Applications aux terminaux \340 conteneurs}{}
\BOOKMARK [1][-]{section*.29}{Introduction}{chapter.2}
\BOOKMARK [1][-]{section.2.1}{II.1 Structure et organisation des terminaux \340 conteneurs}{chapter.2}
\BOOKMARK [2][-]{subsection.2.1.1}{II.1.1 Structure}{section.2.1}
\BOOKMARK [2][-]{subsection.2.1.2}{II.1.2 Engins de manutention}{section.2.1}
\BOOKMARK [2][-]{subsection.2.1.3}{II.1.3 R\351seau routier}{section.2.1}
\BOOKMARK [2][-]{subsection.2.1.4}{II.1.4 Activit\351s des chariots cavaliers}{section.2.1}
\BOOKMARK [2][-]{subsection.2.1.5}{II.1.5 Le Terminal de Normandie}{section.2.1}
\BOOKMARK [1][-]{section.2.2}{II.2 Optimisation des terminaux \340 conteneurs}{chapter.2}
\BOOKMARK [2][-]{subsection.2.2.1}{II.2.1 Structure du terminal}{section.2.2}
\BOOKMARK [2][-]{subsection.2.2.2}{II.2.2 Allocation des berges et transbordement}{section.2.2}
\BOOKMARK [2][-]{subsection.2.2.3}{II.2.3 Allocation des grues de quai}{section.2.2}
\BOOKMARK [2][-]{subsection.2.2.4}{II.2.4 Positionnement des conteneurs}{section.2.2}
\BOOKMARK [2][-]{subsection.2.2.5}{II.2.5 Routage des v\351hicules}{section.2.2}
\BOOKMARK [2][-]{subsection.2.2.6}{II.2.6 Ordonnancement et affectation des missions}{section.2.2}
\BOOKMARK [1][-]{section*.47}{Conclusions}{chapter.2}
\BOOKMARK [0][-]{chapter.3}{III Ordonnancement et affectation des missions des chariots cavaliers}{}
\BOOKMARK [1][-]{section.3.1}{III.1 Dynamique et incertitude}{chapter.3}
\BOOKMARK [2][-]{subsection.3.1.1}{III.1.1 Gestion du temps}{section.3.1}
\BOOKMARK [2][-]{subsection.3.1.2}{III.1.2 Incertitude}{section.3.1}
\BOOKMARK [1][-]{section.3.2}{III.2 Mod\351lisations du probl\350me}{chapter.3}
\BOOKMARK [2][-]{subsection.3.2.1}{III.2.1 Probl\350me de tourn\351es de v\351hicules}{section.3.2}
\BOOKMARK [2][-]{subsection.3.2.2}{III.2.2 Probl\350me d'atelier}{section.3.2}
\BOOKMARK [2][-]{subsection.3.2.3}{III.2.3 Conclusion}{section.3.2}
\BOOKMARK [1][-]{section.3.3}{III.3 M\351thodes de r\351solution}{chapter.3}
\BOOKMARK [2][-]{subsection.3.3.1}{III.3.1 M\351thode de r\351solution exacte}{section.3.3}
\BOOKMARK [2][-]{subsection.3.3.2}{III.3.2 M\351thodes de r\351solution approch\351es}{section.3.3}
\BOOKMARK [2][-]{subsection.3.3.3}{III.3.3 M\351thodes dynamiques}{section.3.3}
\BOOKMARK [1][-]{section*.62}{Conclusions}{chapter.3}
\BOOKMARK [0][-]{chapter.4}{IV Simulateur de terminal \340 conteneurs}{}
\BOOKMARK [1][-]{section*.63}{Introduction}{chapter.4}
\BOOKMARK [1][-]{section.4.1}{IV.1 Sp\351cifications}{chapter.4}
\BOOKMARK [2][-]{subsection.4.1.1}{IV.1.1 Technologie}{section.4.1}
\BOOKMARK [2][-]{subsection.4.1.2}{IV.1.2 Objectifs}{section.4.1}
\BOOKMARK [2][-]{subsection.4.1.3}{IV.1.3 Flexibilit\351}{section.4.1}
\BOOKMARK [1][-]{section.4.2}{IV.2 Mod\351lisation du syst\350me}{chapter.4}
\BOOKMARK [2][-]{subsection.4.2.1}{IV.2.1 Graphe routier}{section.4.2}
\BOOKMARK [2][-]{subsection.4.2.2}{IV.2.2 R\351seau de stockage}{section.4.2}
\BOOKMARK [2][-]{subsection.4.2.3}{IV.2.3 Syst\350me de g\351olocalisation laser \(LDTT\)}{section.4.2}
\BOOKMARK [2][-]{subsection.4.2.4}{IV.2.4 Mobilit\351 au sein du terminal}{section.4.2}
\BOOKMARK [2][-]{subsection.4.2.5}{IV.2.5 Temporalit\351}{section.4.2}
\BOOKMARK [2][-]{subsection.4.2.6}{IV.2.6 \311v\351nements}{section.4.2}
\BOOKMARK [1][-]{section.4.3}{IV.3 Collecte des donn\351es}{chapter.4}
\BOOKMARK [1][-]{section.4.4}{IV.4 Structuration des donn\351es}{chapter.4}
\BOOKMARK [2][-]{subsection.4.4.1}{IV.4.1 R\351seau routier}{section.4.4}
\BOOKMARK [2][-]{subsection.4.4.2}{IV.4.2 Zones de stockage}{section.4.4}
\BOOKMARK [2][-]{subsection.4.4.3}{IV.4.3 Conteneurs}{section.4.4}
\BOOKMARK [2][-]{subsection.4.4.4}{IV.4.4 Missions}{section.4.4}
\BOOKMARK [2][-]{subsection.4.4.5}{IV.4.5 Bornes de positionnement laser}{section.4.4}
\BOOKMARK [2][-]{subsection.4.4.6}{IV.4.6 Description des v\351hicules}{section.4.4}
\BOOKMARK [2][-]{subsection.4.4.7}{IV.4.7 Description de l'ordonnanceur de missions}{section.4.4}
\BOOKMARK [2][-]{subsection.4.4.8}{IV.4.8 \311v\351nements}{section.4.4}
\BOOKMARK [1][-]{section.4.5}{IV.5 Architecture logicielle}{chapter.4}
\BOOKMARK [2][-]{subsection.4.5.1}{IV.5.1 Modularit\351}{section.4.5}
\BOOKMARK [2][-]{subsection.4.5.2}{IV.5.2 Distribution}{section.4.5}
\BOOKMARK [2][-]{subsection.4.5.3}{IV.5.3 D\351scripteurs du contenu du terminal}{section.4.5}
\BOOKMARK [2][-]{subsection.4.5.4}{IV.5.4 Base de donn\351es}{section.4.5}
\BOOKMARK [1][-]{section.4.6}{IV.6 Modules propos\351s}{chapter.4}
\BOOKMARK [2][-]{subsection.4.6.1}{IV.6.1 Module de mobilit\351 des chariots cavaliers}{section.4.6}
\BOOKMARK [2][-]{subsection.4.6.2}{IV.6.2 Module de routage des v\351hicules}{section.4.6}
\BOOKMARK [2][-]{subsection.4.6.3}{IV.6.3 Module d'ordonnancement des missions}{section.4.6}
\BOOKMARK [2][-]{subsection.4.6.4}{IV.6.4 Module de repr\351sentation 2D du terminal}{section.4.6}
\BOOKMARK [2][-]{subsection.4.6.5}{IV.6.5 Module de transformation XML \(parser\)}{section.4.6}
\BOOKMARK [2][-]{subsection.4.6.6}{IV.6.6 Modules de g\351n\351ration de donn\351es}{section.4.6}
\BOOKMARK [1][-]{section.4.7}{IV.7 Perspectives}{chapter.4}
\BOOKMARK [1][-]{section*.96}{Conclusions}{chapter.4}
\BOOKMARK [0][-]{chapter.5}{V Exp\351rimentations et r\351sultats}{}
\BOOKMARK [1][-]{section*.97}{Introduction}{chapter.5}
\BOOKMARK [1][-]{section.5.1}{V.1 Protocole de test}{chapter.5}
\BOOKMARK [1][-]{section.5.2}{V.2 R\351sultats}{chapter.5}
\BOOKMARK [1][-]{section.5.3}{V.3 Analyse et discussion}{chapter.5}
\BOOKMARK [1][-]{section*.98}{Conclusions}{chapter.5}
\BOOKMARK [0][-]{chapter*.99}{Conclusions}{}
\BOOKMARK [0][-]{chapter*.100}{Bibliographie}{}
