This is pdfTeX, Version 3.1415926-1.40.10 (TeX Live 2009/Debian) (format=pdflatex 2012.5.4)  16 OCT 2012 13:35
entering extended mode
 %&-line parsing enabled.
**theseGL.tex
(./theseGL.tex
LaTeX2e <2009/09/24>
Babel <v3.8l> and hyphenation patterns for english, usenglishmax, dumylang, noh
yphenation, french, basque, loaded.
(./phdlasl.cls
Document Class: phdlasl 95/07/01 v2.0
Classe ``THESE'' du GREEN, Bon Courache et Bonne Chance ...
(/usr/share/texmf-texlive/tex/latex/base/leqno.clo
File: leqno.clo 1998/08/17 v1.1c Standard LaTeX option (left equation numbers)
)
(/usr/share/texmf-texlive/tex/latex/base/size11.clo
File: size11.clo 2007/10/19 v1.4h Standard LaTeX file (size option)
)
\SautHaut=\skip41
\SautBas=\skip42
\@jury@tokI=\toks14
\@jury@tokII=\toks15
\@thesis@jury=\toks16
\President=\toks17
\Rapporteurs=\toks18
\Examinateurs=\toks19
\Invites=\toks20
\Directeurs=\toks21
\@bindingshift=\skip43
\@htitlepageshift=\skip44
\c@part=\count79
\c@partanex=\count80
\c@chapter=\count81
\c@section=\count82
\c@subsection=\count83
\c@subsubsection=\count84
\c@paragraph=\count85
\c@subparagraph=\count86
\c@theorem=\count87
\c@example=\count88
\examplewidth=\skip45
\c@figure=\count89
\c@table=\count90
\abovecaptionskip=\skip46
\belowcaptionskip=\skip47
\bibindent=\dimen102
)
(/usr/share/texmf-texlive/tex/latex/base/inputenc.sty
Package: inputenc 2008/03/30 v1.1d Input encoding file
\inpenc@prehook=\toks22
\inpenc@posthook=\toks23

(/usr/share/texmf-texlive/tex/latex/base/utf8.def
File: utf8.def 2008/04/05 v1.1m UTF-8 support for inputenc
Now handling font encoding OML ...
... no UTF-8 mapping file for font encoding OML
Now handling font encoding T1 ...
... processing UTF-8 mapping file for font encoding T1

(/usr/share/texmf-texlive/tex/latex/base/t1enc.dfu
File: t1enc.dfu 2008/04/05 v1.1m UTF-8 support for inputenc
   defining Unicode char U+00A1 (decimal 161)
   defining Unicode char U+00A3 (decimal 163)
   defining Unicode char U+00AB (decimal 171)
   defining Unicode char U+00BB (decimal 187)
   defining Unicode char U+00BF (decimal 191)
   defining Unicode char U+00C0 (decimal 192)
   defining Unicode char U+00C1 (decimal 193)
   defining Unicode char U+00C2 (decimal 194)
   defining Unicode char U+00C3 (decimal 195)
   defining Unicode char U+00C4 (decimal 196)
   defining Unicode char U+00C5 (decimal 197)
   defining Unicode char U+00C6 (decimal 198)
   defining Unicode char U+00C7 (decimal 199)
   defining Unicode char U+00C8 (decimal 200)
   defining Unicode char U+00C9 (decimal 201)
   defining Unicode char U+00CA (decimal 202)
   defining Unicode char U+00CB (decimal 203)
   defining Unicode char U+00CC (decimal 204)
   defining Unicode char U+00CD (decimal 205)
   defining Unicode char U+00CE (decimal 206)
   defining Unicode char U+00CF (decimal 207)
   defining Unicode char U+00D0 (decimal 208)
   defining Unicode char U+00D1 (decimal 209)
   defining Unicode char U+00D2 (decimal 210)
   defining Unicode char U+00D3 (decimal 211)
   defining Unicode char U+00D4 (decimal 212)
   defining Unicode char U+00D5 (decimal 213)
   defining Unicode char U+00D6 (decimal 214)
   defining Unicode char U+00D8 (decimal 216)
   defining Unicode char U+00D9 (decimal 217)
   defining Unicode char U+00DA (decimal 218)
   defining Unicode char U+00DB (decimal 219)
   defining Unicode char U+00DC (decimal 220)
   defining Unicode char U+00DD (decimal 221)
   defining Unicode char U+00DE (decimal 222)
   defining Unicode char U+00DF (decimal 223)
   defining Unicode char U+00E0 (decimal 224)
   defining Unicode char U+00E1 (decimal 225)
   defining Unicode char U+00E2 (decimal 226)
   defining Unicode char U+00E3 (decimal 227)
   defining Unicode char U+00E4 (decimal 228)
   defining Unicode char U+00E5 (decimal 229)
   defining Unicode char U+00E6 (decimal 230)
   defining Unicode char U+00E7 (decimal 231)
   defining Unicode char U+00E8 (decimal 232)
   defining Unicode char U+00E9 (decimal 233)
   defining Unicode char U+00EA (decimal 234)
   defining Unicode char U+00EB (decimal 235)
   defining Unicode char U+00EC (decimal 236)
   defining Unicode char U+00ED (decimal 237)
   defining Unicode char U+00EE (decimal 238)
   defining Unicode char U+00EF (decimal 239)
   defining Unicode char U+00F0 (decimal 240)
   defining Unicode char U+00F1 (decimal 241)
   defining Unicode char U+00F2 (decimal 242)
   defining Unicode char U+00F3 (decimal 243)
   defining Unicode char U+00F4 (decimal 244)
   defining Unicode char U+00F5 (decimal 245)
   defining Unicode char U+00F6 (decimal 246)
   defining Unicode char U+00F8 (decimal 248)
   defining Unicode char U+00F9 (decimal 249)
   defining Unicode char U+00FA (decimal 250)
   defining Unicode char U+00FB (decimal 251)
   defining Unicode char U+00FC (decimal 252)
   defining Unicode char U+00FD (decimal 253)
   defining Unicode char U+00FE (decimal 254)
   defining Unicode char U+00FF (decimal 255)
   defining Unicode char U+0102 (decimal 258)
   defining Unicode char U+0103 (decimal 259)
   defining Unicode char U+0104 (decimal 260)
   defining Unicode char U+0105 (decimal 261)
   defining Unicode char U+0106 (decimal 262)
   defining Unicode char U+0107 (decimal 263)
   defining Unicode char U+010C (decimal 268)
   defining Unicode char U+010D (decimal 269)
   defining Unicode char U+010E (decimal 270)
   defining Unicode char U+010F (decimal 271)
   defining Unicode char U+0110 (decimal 272)
   defining Unicode char U+0111 (decimal 273)
   defining Unicode char U+0118 (decimal 280)
   defining Unicode char U+0119 (decimal 281)
   defining Unicode char U+011A (decimal 282)
   defining Unicode char U+011B (decimal 283)
   defining Unicode char U+011E (decimal 286)
   defining Unicode char U+011F (decimal 287)
   defining Unicode char U+0130 (decimal 304)
   defining Unicode char U+0131 (decimal 305)
   defining Unicode char U+0132 (decimal 306)
   defining Unicode char U+0133 (decimal 307)
   defining Unicode char U+0139 (decimal 313)
   defining Unicode char U+013A (decimal 314)
   defining Unicode char U+013D (decimal 317)
   defining Unicode char U+013E (decimal 318)
   defining Unicode char U+0141 (decimal 321)
   defining Unicode char U+0142 (decimal 322)
   defining Unicode char U+0143 (decimal 323)
   defining Unicode char U+0144 (decimal 324)
   defining Unicode char U+0147 (decimal 327)
   defining Unicode char U+0148 (decimal 328)
   defining Unicode char U+014A (decimal 330)
   defining Unicode char U+014B (decimal 331)
   defining Unicode char U+0150 (decimal 336)
   defining Unicode char U+0151 (decimal 337)
   defining Unicode char U+0152 (decimal 338)
   defining Unicode char U+0153 (decimal 339)
   defining Unicode char U+0154 (decimal 340)
   defining Unicode char U+0155 (decimal 341)
   defining Unicode char U+0158 (decimal 344)
   defining Unicode char U+0159 (decimal 345)
   defining Unicode char U+015A (decimal 346)
   defining Unicode char U+015B (decimal 347)
   defining Unicode char U+015E (decimal 350)
   defining Unicode char U+015F (decimal 351)
   defining Unicode char U+0160 (decimal 352)
   defining Unicode char U+0161 (decimal 353)
   defining Unicode char U+0162 (decimal 354)
   defining Unicode char U+0163 (decimal 355)
   defining Unicode char U+0164 (decimal 356)
   defining Unicode char U+0165 (decimal 357)
   defining Unicode char U+016E (decimal 366)
   defining Unicode char U+016F (decimal 367)
   defining Unicode char U+0170 (decimal 368)
   defining Unicode char U+0171 (decimal 369)
   defining Unicode char U+0178 (decimal 376)
   defining Unicode char U+0179 (decimal 377)
   defining Unicode char U+017A (decimal 378)
   defining Unicode char U+017B (decimal 379)
   defining Unicode char U+017C (decimal 380)
   defining Unicode char U+017D (decimal 381)
   defining Unicode char U+017E (decimal 382)
   defining Unicode char U+200C (decimal 8204)
   defining Unicode char U+2013 (decimal 8211)
   defining Unicode char U+2014 (decimal 8212)
   defining Unicode char U+2018 (decimal 8216)
   defining Unicode char U+2019 (decimal 8217)
   defining Unicode char U+201A (decimal 8218)
   defining Unicode char U+201C (decimal 8220)
   defining Unicode char U+201D (decimal 8221)
   defining Unicode char U+201E (decimal 8222)
   defining Unicode char U+2030 (decimal 8240)
   defining Unicode char U+2031 (decimal 8241)
   defining Unicode char U+2039 (decimal 8249)
   defining Unicode char U+203A (decimal 8250)
   defining Unicode char U+2423 (decimal 9251)
)
Now handling font encoding OT1 ...
... processing UTF-8 mapping file for font encoding OT1

(/usr/share/texmf-texlive/tex/latex/base/ot1enc.dfu
File: ot1enc.dfu 2008/04/05 v1.1m UTF-8 support for inputenc
   defining Unicode char U+00A1 (decimal 161)
   defining Unicode char U+00A3 (decimal 163)
   defining Unicode char U+00B8 (decimal 184)
   defining Unicode char U+00BF (decimal 191)
   defining Unicode char U+00C5 (decimal 197)
   defining Unicode char U+00C6 (decimal 198)
   defining Unicode char U+00D8 (decimal 216)
   defining Unicode char U+00DF (decimal 223)
   defining Unicode char U+00E6 (decimal 230)
   defining Unicode char U+00EC (decimal 236)
   defining Unicode char U+00ED (decimal 237)
   defining Unicode char U+00EE (decimal 238)
   defining Unicode char U+00EF (decimal 239)
   defining Unicode char U+00F8 (decimal 248)
   defining Unicode char U+0131 (decimal 305)
   defining Unicode char U+0141 (decimal 321)
   defining Unicode char U+0142 (decimal 322)
   defining Unicode char U+0152 (decimal 338)
   defining Unicode char U+0153 (decimal 339)
   defining Unicode char U+2013 (decimal 8211)
   defining Unicode char U+2014 (decimal 8212)
   defining Unicode char U+2018 (decimal 8216)
   defining Unicode char U+2019 (decimal 8217)
   defining Unicode char U+201C (decimal 8220)
   defining Unicode char U+201D (decimal 8221)
)
Now handling font encoding OMS ...
... processing UTF-8 mapping file for font encoding OMS

(/usr/share/texmf-texlive/tex/latex/base/omsenc.dfu
File: omsenc.dfu 2008/04/05 v1.1m UTF-8 support for inputenc
   defining Unicode char U+00A7 (decimal 167)
   defining Unicode char U+00B6 (decimal 182)
   defining Unicode char U+00B7 (decimal 183)
   defining Unicode char U+2020 (decimal 8224)
   defining Unicode char U+2021 (decimal 8225)
   defining Unicode char U+2022 (decimal 8226)
)
Now handling font encoding OMX ...
... no UTF-8 mapping file for font encoding OMX
Now handling font encoding U ...
... no UTF-8 mapping file for font encoding U
   defining Unicode char U+00A9 (decimal 169)
   defining Unicode char U+00AA (decimal 170)
   defining Unicode char U+00AE (decimal 174)
   defining Unicode char U+00BA (decimal 186)
   defining Unicode char U+02C6 (decimal 710)
   defining Unicode char U+02DC (decimal 732)
   defining Unicode char U+200C (decimal 8204)
   defining Unicode char U+2026 (decimal 8230)
   defining Unicode char U+2122 (decimal 8482)
   defining Unicode char U+2423 (decimal 9251)
))
(/usr/share/texmf-texlive/tex/generic/babel/babel.sty
Package: babel 2008/07/06 v3.8l The Babel package

(/usr/share/texmf-texlive/tex/generic/babel/frenchb.ldf
Language: frenchb 2009/03/16 v2.3d French support from the babel system

(/usr/share/texmf-texlive/tex/generic/babel/babel.def
File: babel.def 2008/07/06 v3.8l Babel common definitions
\babel@savecnt=\count91
\U@D=\dimen103
)
Package babel Info: Making : an active character on input line 120.
Package babel Info: Making ; an active character on input line 121.
Package babel Info: Making ! an active character on input line 122.
Package babel Info: Making ? an active character on input line 123.
\FB@Mht=\dimen104
\std@mcc=\count92
\dec@mcc=\count93
\parindentFFN=\dimen105

*************************************
* Local config file frenchb.cfg used
*
(/usr/share/texmf-texlive/tex/generic/babel/frenchb.cfg)))
(/usr/share/texmf-texlive/tex/latex/carlisle/scalefnt.sty)
(/usr/share/texmf-texlive/tex/latex/graphics/keyval.sty
Package: keyval 1999/03/16 v1.13 key=value parser (DPC)
\KV@toks@=\toks24
)
(/usr/share/texmf-texlive/tex/latex/tools/varioref.sty
Package: varioref 2009/09/13 v1.4w package for extended references (FMi)
\c@vrcnt=\count94
)
(/usr/share/texmf-texlive/tex/latex/preprint/fullpage.sty
Package: fullpage 1999/02/23 1.1 (PWD)
\FP@margin=\skip48
)
(/usr/share/texmf-texlive/tex/latex/amsmath/amsmath.sty
Package: amsmath 2000/07/18 v2.13 AMS math features
\@mathmargin=\skip49

For additional information on amsmath, use the `?' option.
(/usr/share/texmf-texlive/tex/latex/amsmath/amstext.sty
Package: amstext 2000/06/29 v2.01

(/usr/share/texmf-texlive/tex/latex/amsmath/amsgen.sty
File: amsgen.sty 1999/11/30 v2.0
\@emptytoks=\toks25
\ex@=\dimen106
))
(/usr/share/texmf-texlive/tex/latex/amsmath/amsbsy.sty
Package: amsbsy 1999/11/29 v1.2d
\pmbraise@=\dimen107
)
(/usr/share/texmf-texlive/tex/latex/amsmath/amsopn.sty
Package: amsopn 1999/12/14 v2.01 operator names
)
\inf@bad=\count95
LaTeX Info: Redefining \frac on input line 211.
\uproot@=\count96
\leftroot@=\count97
LaTeX Info: Redefining \overline on input line 307.
\classnum@=\count98
\DOTSCASE@=\count99
LaTeX Info: Redefining \ldots on input line 379.
LaTeX Info: Redefining \dots on input line 382.
LaTeX Info: Redefining \cdots on input line 467.
\Mathstrutbox@=\box26
\strutbox@=\box27
\big@size=\dimen108
LaTeX Font Info:    Redeclaring font encoding OML on input line 567.
LaTeX Font Info:    Redeclaring font encoding OMS on input line 568.
\macc@depth=\count100
\c@MaxMatrixCols=\count101
\dotsspace@=\muskip10
\c@parentequation=\count102
\dspbrk@lvl=\count103
\tag@help=\toks26
\row@=\count104
\column@=\count105
\maxfields@=\count106
\andhelp@=\toks27
\eqnshift@=\dimen109
\alignsep@=\dimen110
\tagshift@=\dimen111
\tagwidth@=\dimen112
\totwidth@=\dimen113
\lineht@=\dimen114
\@envbody=\toks28
\multlinegap=\skip50
\multlinetaggap=\skip51
\mathdisplay@stack=\toks29
LaTeX Info: Redefining \[ on input line 2666.
LaTeX Info: Redefining \] on input line 2667.
)
(/usr/share/texmf/tex/latex/xcolor/xcolor.sty
Package: xcolor 2007/01/21 v2.11 LaTeX color extensions (UK)

(/etc/texmf/tex/latex/config/color.cfg
File: color.cfg 2007/01/18 v1.5 color configuration of teTeX/TeXLive
)
Package xcolor Info: Driver file: pdftex.def on input line 225.

(/usr/share/texmf-texlive/tex/latex/pdftex-def/pdftex.def
File: pdftex.def 2010/03/12 v0.04p Graphics/color for pdfTeX
\Gread@gobject=\count107
)
Package xcolor Info: Model `cmy' substituted by `cmy0' on input line 1337.
Package xcolor Info: Model `hsb' substituted by `rgb' on input line 1341.
Package xcolor Info: Model `RGB' extended on input line 1353.
Package xcolor Info: Model `HTML' substituted by `rgb' on input line 1355.
Package xcolor Info: Model `Hsb' substituted by `hsb' on input line 1356.
Package xcolor Info: Model `tHsb' substituted by `hsb' on input line 1357.
Package xcolor Info: Model `HSB' substituted by `hsb' on input line 1358.
Package xcolor Info: Model `Gray' substituted by `gray' on input line 1359.
Package xcolor Info: Model `wave' substituted by `hsb' on input line 1360.
)
(/usr/share/texmf-texlive/tex/latex/listings/listings.sty
\lst@mode=\count108
\lst@gtempboxa=\box28
\lst@token=\toks30
\lst@length=\count109
\lst@currlwidth=\dimen115
\lst@column=\count110
\lst@pos=\count111
\lst@lostspace=\dimen116
\lst@width=\dimen117
\lst@newlines=\count112
\lst@lineno=\count113
\lst@maxwidth=\dimen118

(/usr/share/texmf-texlive/tex/latex/listings/lstmisc.sty
File: lstmisc.sty 2007/02/22 1.4 (Carsten Heinz)
\c@lstnumber=\count114
\lst@skipnumbers=\count115
\lst@framebox=\box29
)
(/usr/share/texmf-texlive/tex/latex/listings/listings.cfg
File: listings.cfg 2007/02/22 1.4 listings configuration
))
Package: listings 2007/02/22 1.4 (Carsten Heinz)

(/usr/share/texmf-texlive/tex/latex/subfloat/subfloat.sty
Package: subfloat 2003/08/21 version 2.14

Package `subfloat', Version 2.14 of 2003/08/21.

Package subfloat Warning: Numbers of floats not counted:
(subfloat)                If you use one of the counters subfloatfiguremax or
(subfloat)                subfloattablemax you will get strange error messages
(subfloat)                containing \c@subfloatfiguremax or
(subfloat)                \c@subfloattablemax:
(subfloat)                Please switch on countmax or remove the code using
(subfloat)                the counter then..

) (/usr/share/texmf-texlive/tex/latex/wrapfig/wrapfig.sty
\wrapoverhang=\dimen119
\WF@size=\dimen120
\c@WF@wrappedlines=\count116
\WF@box=\box30
\WF@everypar=\toks31
Package: wrapfig 2003/01/31  v 3.6
)
(/usr/share/texmf/tex/latex/pgf/frontendlayer/tikz.sty
(/usr/share/texmf/tex/latex/pgf/basiclayer/pgf.sty
(/usr/share/texmf/tex/latex/pgf/utilities/pgfrcs.sty
(/usr/share/texmf/tex/generic/pgf/utilities/pgfutil-common.tex
\pgfutil@everybye=\toks32
)
(/usr/share/texmf/tex/generic/pgf/utilities/pgfutil-latex.def
\pgfutil@abb=\box31

(/usr/share/texmf-texlive/tex/latex/ms/everyshi.sty
Package: everyshi 2001/05/15 v3.00 EveryShipout Package (MS)
))
(/usr/share/texmf/tex/generic/pgf/utilities/pgfrcs.code.tex
Package: pgfrcs 2010/10/25 v2.10 (rcs-revision 1.24)
))
Package: pgf 2008/01/15 v2.10 (rcs-revision 1.12)

(/usr/share/texmf/tex/latex/pgf/basiclayer/pgfcore.sty
(/usr/share/texmf-texlive/tex/latex/graphics/graphicx.sty
Package: graphicx 1999/02/16 v1.0f Enhanced LaTeX Graphics (DPC,SPQR)

(/usr/share/texmf-texlive/tex/latex/graphics/graphics.sty
Package: graphics 2009/02/05 v1.0o Standard LaTeX Graphics (DPC,SPQR)

(/usr/share/texmf-texlive/tex/latex/graphics/trig.sty
Package: trig 1999/03/16 v1.09 sin cos tan (DPC)
)
(/etc/texmf/tex/latex/config/graphics.cfg
File: graphics.cfg 2009/08/28 v1.8 graphics configuration of TeX Live
)
Package graphics Info: Driver file: pdftex.def on input line 91.
)
\Gin@req@height=\dimen121
\Gin@req@width=\dimen122
)
(/usr/share/texmf/tex/latex/pgf/systemlayer/pgfsys.sty
(/usr/share/texmf/tex/generic/pgf/systemlayer/pgfsys.code.tex
Package: pgfsys 2010/06/30 v2.10 (rcs-revision 1.37)

(/usr/share/texmf/tex/generic/pgf/utilities/pgfkeys.code.tex
\pgfkeys@pathtoks=\toks33
\pgfkeys@temptoks=\toks34

(/usr/share/texmf/tex/generic/pgf/utilities/pgfkeysfiltered.code.tex
\pgfkeys@tmptoks=\toks35
))
\pgf@x=\dimen123
\pgf@y=\dimen124
\pgf@xa=\dimen125
\pgf@ya=\dimen126
\pgf@xb=\dimen127
\pgf@yb=\dimen128
\pgf@xc=\dimen129
\pgf@yc=\dimen130
\w@pgf@writea=\write3
\r@pgf@reada=\read1
\c@pgf@counta=\count117
\c@pgf@countb=\count118
\c@pgf@countc=\count119
\c@pgf@countd=\count120

(/usr/share/texmf/tex/generic/pgf/systemlayer/pgf.cfg
File: pgf.cfg 2008/05/14  (rcs-revision 1.7)
)
Package pgfsys Info: Driver file for pgf: pgfsys-pdftex.def on input line 900.

(/usr/share/texmf/tex/generic/pgf/systemlayer/pgfsys-pdftex.def
File: pgfsys-pdftex.def 2009/05/22  (rcs-revision 1.26)

(/usr/share/texmf/tex/generic/pgf/systemlayer/pgfsys-common-pdf.def
File: pgfsys-common-pdf.def 2008/05/19  (rcs-revision 1.10)
)))
(/usr/share/texmf/tex/generic/pgf/systemlayer/pgfsyssoftpath.code.tex
File: pgfsyssoftpath.code.tex 2008/07/18  (rcs-revision 1.7)
\pgfsyssoftpath@smallbuffer@items=\count121
\pgfsyssoftpath@bigbuffer@items=\count122
)
(/usr/share/texmf/tex/generic/pgf/systemlayer/pgfsysprotocol.code.tex
File: pgfsysprotocol.code.tex 2006/10/16  (rcs-revision 1.4)
))
(/usr/share/texmf/tex/generic/pgf/basiclayer/pgfcore.code.tex
Package: pgfcore 2010/04/11 v2.10 (rcs-revision 1.7)

(/usr/share/texmf/tex/generic/pgf/math/pgfmath.code.tex
(/usr/share/texmf/tex/generic/pgf/math/pgfmathcalc.code.tex
(/usr/share/texmf/tex/generic/pgf/math/pgfmathutil.code.tex)
(/usr/share/texmf/tex/generic/pgf/math/pgfmathparser.code.tex
\pgfmath@dimen=\dimen131
\pgfmath@count=\count123
\pgfmath@box=\box32
\pgfmath@toks=\toks36
\pgfmath@stack@operand=\toks37
\pgfmath@stack@operation=\toks38
)
(/usr/share/texmf/tex/generic/pgf/math/pgfmathfunctions.code.tex
(/usr/share/texmf/tex/generic/pgf/math/pgfmathfunctions.basic.code.tex)
(/usr/share/texmf/tex/generic/pgf/math/pgfmathfunctions.trigonometric.code.tex)
(/usr/share/texmf/tex/generic/pgf/math/pgfmathfunctions.random.code.tex)
(/usr/share/texmf/tex/generic/pgf/math/pgfmathfunctions.comparison.code.tex)
(/usr/share/texmf/tex/generic/pgf/math/pgfmathfunctions.base.code.tex)
(/usr/share/texmf/tex/generic/pgf/math/pgfmathfunctions.round.code.tex)
(/usr/share/texmf/tex/generic/pgf/math/pgfmathfunctions.misc.code.tex)))
(/usr/share/texmf/tex/generic/pgf/math/pgfmathfloat.code.tex
\c@pgfmathroundto@lastzeros=\count124
))
(/usr/share/texmf/tex/generic/pgf/basiclayer/pgfcorepoints.code.tex
File: pgfcorepoints.code.tex 2010/04/09  (rcs-revision 1.20)
\pgf@picminx=\dimen132
\pgf@picmaxx=\dimen133
\pgf@picminy=\dimen134
\pgf@picmaxy=\dimen135
\pgf@pathminx=\dimen136
\pgf@pathmaxx=\dimen137
\pgf@pathminy=\dimen138
\pgf@pathmaxy=\dimen139
\pgf@xx=\dimen140
\pgf@xy=\dimen141
\pgf@yx=\dimen142
\pgf@yy=\dimen143
\pgf@zx=\dimen144
\pgf@zy=\dimen145
)
(/usr/share/texmf/tex/generic/pgf/basiclayer/pgfcorepathconstruct.code.tex
File: pgfcorepathconstruct.code.tex 2010/08/03  (rcs-revision 1.24)
\pgf@path@lastx=\dimen146
\pgf@path@lasty=\dimen147
)
(/usr/share/texmf/tex/generic/pgf/basiclayer/pgfcorepathusage.code.tex
File: pgfcorepathusage.code.tex 2008/04/22  (rcs-revision 1.12)
\pgf@shorten@end@additional=\dimen148
\pgf@shorten@start@additional=\dimen149
)
(/usr/share/texmf/tex/generic/pgf/basiclayer/pgfcorescopes.code.tex
File: pgfcorescopes.code.tex 2010/09/08  (rcs-revision 1.34)
\pgfpic=\box33
\pgf@hbox=\box34
\pgf@layerbox@main=\box35
\pgf@picture@serial@count=\count125
)
(/usr/share/texmf/tex/generic/pgf/basiclayer/pgfcoregraphicstate.code.tex
File: pgfcoregraphicstate.code.tex 2008/04/22  (rcs-revision 1.9)
\pgflinewidth=\dimen150
)
(/usr/share/texmf/tex/generic/pgf/basiclayer/pgfcoretransformations.code.tex
File: pgfcoretransformations.code.tex 2009/06/10  (rcs-revision 1.11)
\pgf@pt@x=\dimen151
\pgf@pt@y=\dimen152
\pgf@pt@temp=\dimen153
)
(/usr/share/texmf/tex/generic/pgf/basiclayer/pgfcorequick.code.tex
File: pgfcorequick.code.tex 2008/10/09  (rcs-revision 1.3)
)
(/usr/share/texmf/tex/generic/pgf/basiclayer/pgfcoreobjects.code.tex
File: pgfcoreobjects.code.tex 2006/10/11  (rcs-revision 1.2)
)
(/usr/share/texmf/tex/generic/pgf/basiclayer/pgfcorepathprocessing.code.tex
File: pgfcorepathprocessing.code.tex 2008/10/09  (rcs-revision 1.8)
)
(/usr/share/texmf/tex/generic/pgf/basiclayer/pgfcorearrows.code.tex
File: pgfcorearrows.code.tex 2008/04/23  (rcs-revision 1.11)
)
(/usr/share/texmf/tex/generic/pgf/basiclayer/pgfcoreshade.code.tex
File: pgfcoreshade.code.tex 2008/11/23  (rcs-revision 1.13)
\pgf@max=\dimen154
\pgf@sys@shading@range@num=\count126
)
(/usr/share/texmf/tex/generic/pgf/basiclayer/pgfcoreimage.code.tex
File: pgfcoreimage.code.tex 2010/03/25  (rcs-revision 1.16)

(/usr/share/texmf/tex/generic/pgf/basiclayer/pgfcoreexternal.code.tex
File: pgfcoreexternal.code.tex 2010/09/01  (rcs-revision 1.17)
\pgfexternal@startupbox=\box36
))
(/usr/share/texmf/tex/generic/pgf/basiclayer/pgfcorelayers.code.tex
File: pgfcorelayers.code.tex 2010/08/27  (rcs-revision 1.2)
)
(/usr/share/texmf/tex/generic/pgf/basiclayer/pgfcoretransparency.code.tex
File: pgfcoretransparency.code.tex 2008/01/17  (rcs-revision 1.2)
)
(/usr/share/texmf/tex/generic/pgf/basiclayer/pgfcorepatterns.code.tex
File: pgfcorepatterns.code.tex 2009/07/02  (rcs-revision 1.3)
)))
(/usr/share/texmf/tex/generic/pgf/modules/pgfmoduleshapes.code.tex
File: pgfmoduleshapes.code.tex 2010/09/09  (rcs-revision 1.13)
\pgfnodeparttextbox=\box37
)
(/usr/share/texmf/tex/generic/pgf/modules/pgfmoduleplot.code.tex
File: pgfmoduleplot.code.tex 2010/10/22  (rcs-revision 1.8)
)
(/usr/share/texmf/tex/latex/pgf/compatibility/pgfcomp-version-0-65.sty
Package: pgfcomp-version-0-65 2007/07/03 v2.10 (rcs-revision 1.7)
\pgf@nodesepstart=\dimen155
\pgf@nodesepend=\dimen156
)
(/usr/share/texmf/tex/latex/pgf/compatibility/pgfcomp-version-1-18.sty
Package: pgfcomp-version-1-18 2007/07/23 v2.10 (rcs-revision 1.1)
))
(/usr/share/texmf/tex/latex/pgf/utilities/pgffor.sty
(/usr/share/texmf/tex/latex/pgf/utilities/pgfkeys.sty
(/usr/share/texmf/tex/generic/pgf/utilities/pgfkeys.code.tex))
(/usr/share/texmf/tex/generic/pgf/utilities/pgffor.code.tex
Package: pgffor 2010/03/23 v2.10 (rcs-revision 1.18)
\pgffor@iter=\dimen157
\pgffor@skip=\dimen158
\pgffor@stack=\toks39
\pgffor@toks=\toks40
))
(/usr/share/texmf/tex/generic/pgf/frontendlayer/tikz/tikz.code.tex
Package: tikz 2010/10/13 v2.10 (rcs-revision 1.76)

(/usr/share/texmf/tex/generic/pgf/libraries/pgflibraryplothandlers.code.tex
File: pgflibraryplothandlers.code.tex 2010/05/31 v2.10 (rcs-revision 1.15)
\pgf@plot@mark@count=\count127
\pgfplotmarksize=\dimen159
)
\tikz@lastx=\dimen160
\tikz@lasty=\dimen161
\tikz@lastxsaved=\dimen162
\tikz@lastysaved=\dimen163
\tikzleveldistance=\dimen164
\tikzsiblingdistance=\dimen165
\tikz@figbox=\box38
\tikz@tempbox=\box39
\tikztreelevel=\count128
\tikznumberofchildren=\count129
\tikznumberofcurrentchild=\count130
\tikz@fig@count=\count131

(/usr/share/texmf/tex/generic/pgf/modules/pgfmodulematrix.code.tex
File: pgfmodulematrix.code.tex 2010/08/24  (rcs-revision 1.4)
\pgfmatrixcurrentrow=\count132
\pgfmatrixcurrentcolumn=\count133
\pgf@matrix@numberofcolumns=\count134
)
\tikz@expandcount=\count135

(/usr/share/texmf/tex/generic/pgf/frontendlayer/tikz/libraries/tikzlibrarytopat
hs.code.tex
File: tikzlibrarytopaths.code.tex 2008/06/17 v2.10 (rcs-revision 1.2)
)))
(/usr/share/texmf/tex/generic/pgf/frontendlayer/tikz/libraries/tikzlibraryarrow
s.code.tex
File: tikzlibraryarrows.code.tex 2008/01/09 v2.10 (rcs-revision 1.1)

(/usr/share/texmf/tex/generic/pgf/libraries/pgflibraryarrows.code.tex
File: pgflibraryarrows.code.tex 2008/10/27 v2.10 (rcs-revision 1.9)
\arrowsize=\dimen166
))
(/usr/share/texmf/tex/generic/pgf/frontendlayer/tikz/libraries/tikzlibraryautom
ata.code.tex
File: tikzlibraryautomata.code.tex 2008/07/14 v2.10 (rcs-revision 1.3)

(/usr/share/texmf/tex/generic/pgf/frontendlayer/tikz/libraries/tikzlibraryshape
s.multipart.code.tex
File: tikzlibraryshapes.multipart.code.tex 2008/01/09 v2.10 (rcs-revision 1.1)

(/usr/share/texmf/tex/generic/pgf/libraries/shapes/pgflibraryshapes.multipart.c
ode.tex
File: pgflibraryshapes.multipart.code.tex 2010/01/07 v2.10 (rcs-revision 1.2)
\pgfnodepartlowerbox=\box40
\pgfnodeparttwobox=\box41
\pgfnodepartthreebox=\box42
\pgfnodepartfourbox=\box43
\pgfnodeparttwentybox=\box44
\pgfnodepartnineteenbox=\box45
\pgfnodeparteighteenbox=\box46
\pgfnodepartseventeenbox=\box47
\pgfnodepartsixteenbox=\box48
\pgfnodepartfifteenbox=\box49
\pgfnodepartfourteenbox=\box50
\pgfnodepartthirteenbox=\box51
\pgfnodeparttwelvebox=\box52
\pgfnodepartelevenbox=\box53
\pgfnodeparttenbox=\box54
\pgfnodepartninebox=\box55
\pgfnodeparteightbox=\box56
\pgfnodepartsevenbox=\box57
\pgfnodepartsixbox=\box58
\pgfnodepartfivebox=\box59
))) (/usr/share/texmf-texlive/tex/latex/multirow/multirow.sty
\bigstrutjot=\dimen167
)
(/usr/share/texmf-texlive/tex/latex/tools/array.sty
Package: array 2008/09/09 v2.4c Tabular extension package (FMi)
\col@sep=\dimen168
\extrarowheight=\dimen169
\NC@list=\toks41
\extratabsurround=\skip52
\backup@length=\skip53
)
(/usr/share/texmf-texlive/tex/latex/subfig/subfig.sty
Package: subfig 2005/06/28 ver: 1.3 subfig package

(/usr/share/texmf-texlive/tex/latex/caption/caption.sty
Package: caption 2009/10/09 v3.1k Customizing captions (AR)

(/usr/share/texmf-texlive/tex/latex/caption/caption3.sty
Package: caption3 2009/10/09 v3.1k caption3 kernel (AR)
\captionmargin=\dimen170
\captionmargin@=\dimen171
\captionwidth=\dimen172
\caption@indent=\dimen173
\caption@parindent=\dimen174
\caption@hangindent=\dimen175
Package caption Info: The definition of \@makecaption has been changed,
(caption)             frenchb will NOT customize it on input line 1007.
Package caption Info: Unknown document class (or package),
(caption)             standard defaults will be used on input line 1068.
)

Package caption Warning: Unsupported document class (or package) detected,
(caption)                usage of the caption package is not recommended.
See the caption package documentation for explanation.

Package caption Info: \@makecaption = \long macro:#1#2->\vskip \abovecaptionski
p \sbox \@tempboxa {#1#2}\ifdim \wd \@tempboxa >\hsize #1#2\par \else \global \
@minipagefalse \hbox to\hsize {\hfil \box \@tempboxa \hfil }\fi \vskip \belowca
ptionskip .
\c@ContinuedFloat=\count136
Package caption Info: listings package is loaded.
Package caption Info: wrapfig package is loaded.
)
\c@KVtest=\count137
\sf@farskip=\skip54
\sf@captopadj=\dimen176
\sf@capskip=\skip55
\sf@nearskip=\skip56
\c@subfigure=\count138
\c@subfigure@save=\count139
\c@lofdepth=\count140
\c@subtable=\count141
\c@subtable@save=\count142
\c@lotdepth=\count143
\sf@top=\skip57
\sf@bottom=\skip58
) (/usr/share/texmf-texlive/tex/latex/placeins/placeins.sty
Package: placeins 2005/04/18  v 2.2
)
(/usr/share/texmf-texlive/tex/latex/algorithm2e/algorithm2e.sty
Package: algorithm2e 2005/10/04 v3.9 algorithms environments
\c@AlgoLine=\count144

(/usr/share/texmf-texlive/tex/latex/base/ifthen.sty
Package: ifthen 2001/05/26 v1.1c Standard LaTeX ifthen package (DPC)
)
(/usr/share/texmf-texlive/tex/latex/tools/xspace.sty
Package: xspace 2006/05/08 v1.12 Space after command names (DPC,MH)
)
********************************************************
Package `algorithm2e' Release 3.9 -- october 04 2005 --
- algorithm2e-announce@lirmm.fr mailing list for announcement about releases
- algorithm2e-discussion@lirmm.fr mailing list for discussion about package
subscribe by emailing sympa@lirmm.fr with 'subscribe <list> <firstname name>'
- Author: Christophe Fiorio (fiorio@lirmm.fr)
********************************************************
\skiptotal=\skip59
\skiprule=\skip60
\skiphlne=\skip61
\skiptext=\skip62
\skiplength=\skip63
\algomargin=\skip64
\skipalgocfslide=\skip65
\algowidth=\dimen177
\inoutsize=\dimen178
\inoutline=\dimen179
\algocf@inoutbox=\box60
\algocf@inputbox=\box61
\AlCapSkip=\skip66
\AlCapHSkip=\skip67
\algocf@capbox=\box62
\c@algocfline=\count145
\c@algocf=\count146
\algocf@algoframe=\box63
\algocf@algobox=\box64
) (/usr/share/texmf-texlive/tex/latex/minitoc/minitoc.sty
Package: minitoc 2008/07/16 v60 Package minitoc (JPFD)

(/usr/share/texmf-texlive/tex/latex/minitoc/mtcmess.sty
Package: mtcmess 2006/03/14
)
Package minitoc Info: I0001
(minitoc)             *** minitoc package, version 60 ***.
\tf@mtc=\write4
\mtcindent=\skip68
\mtcskipamount=\skip69
Package minitoc Info: I0005
(minitoc)             compatible with hyperref.
Package minitoc Info: I0023
(minitoc)             part level macros available.
Package minitoc Info: I0003
(minitoc)             chapter level macros available.
\mtc@toks=\toks42
\mtc@strutbox=\box65
\mtc@hstrutbox=\box66
Package minitoc Info: I0002
(minitoc)             Autoconfiguration of extensions.
\openout4 = `theseGL.mtc0'.

\openout4 = `theseGL.mtc'.

 (./theseGL.mtc0)
Package minitoc Info: I0012
(minitoc)             Long extensions (Unix-like) will be used.
Package minitoc Info: I0031
(minitoc)             ==> this version is configured for UNIX-like 
(minitoc)                 (long extensions) file names.
\openout4 = `theseGL.mtc'.

\openout4 = `theseGL.mtc0'.

\c@mtc=\count147
\c@minitocdepth=\count148
\c@ptc=\count149
\c@parttocdepth=\count150
\ptcindent=\skip70
Package minitoc Info: I0010
(minitoc)             The english language is selected.
(minitoc)              on input line 4910.

(/usr/share/texmf-texlive/tex/latex/minitoc/english.mld
File: english.mld 2006/01/13
)
(/usr/share/texmf-texlive/tex/latex/minitoc/english.mld
File: english.mld 2006/01/13
)
Package minitoc Info: I0010
(minitoc)             The french language is selected.
(minitoc)              on input line 4911.

(/usr/share/texmf-texlive/tex/latex/minitoc/french.mld
File: french.mld 2006/03/21
))
Package minitoc Info: I0017
(minitoc)             \mtcsettitle redefines the macro 
(minitoc)             "mtctitle" as 
(minitoc)             "" on input line 52.
Package minitoc Info: I0008
(minitoc)             Horizontal rules are inhibited 
(minitoc)             for the parttocs on input line 53.
Package minitoc Info: I0008
(minitoc)             Horizontal rules are inhibited 
(minitoc)             for the partlofs on input line 53.
Package minitoc Info: I0008
(minitoc)             Horizontal rules are inhibited 
(minitoc)             for the partlots on input line 53.
Package minitoc Info: I0008
(minitoc)             Horizontal rules are inhibited 
(minitoc)             for the minitocs on input line 53.
Package minitoc Info: I0008
(minitoc)             Horizontal rules are inhibited 
(minitoc)             for the minilofs on input line 53.
Package minitoc Info: I0008
(minitoc)             Horizontal rules are inhibited 
(minitoc)             for the minilots on input line 53.
Package minitoc Info: I0008
(minitoc)             Horizontal rules are inhibited 
(minitoc)             for the secttocs on input line 53.
Package minitoc Info: I0008
(minitoc)             Horizontal rules are inhibited 
(minitoc)             for the sectlofs on input line 53.
Package minitoc Info: I0008
(minitoc)             Horizontal rules are inhibited 
(minitoc)             for the sectlots on input line 53.
Package minitoc Info: I0013
(minitoc)             \mtcsetdepth redefines the counter 
(minitoc)             "minitocdepth" as "3" on input line 54.

(/usr/share/texmf-texlive/tex/latex/eurosym/eurosym.sty
Package: eurosym 1998/08/06 v1.1 European currency symbol ``Euro''
\@eurobox=\box67
)
(/usr/share/texmf-texlive/tex/latex/hyperref/hyperref.sty
Package: hyperref 2009/10/09 v6.79a Hypertext links for LaTeX

(/usr/share/texmf-texlive/tex/generic/oberdiek/ifpdf.sty
Package: ifpdf 2009/04/10 v2.0 Provides the ifpdf switch (HO)
Package ifpdf Info: pdfTeX in pdf mode detected.
)
(/usr/share/texmf-texlive/tex/generic/oberdiek/ifvtex.sty
Package: ifvtex 2008/11/04 v1.4 Switches for detecting VTeX and its modes (HO)
Package ifvtex Info: VTeX not detected.
)
(/usr/share/texmf-texlive/tex/generic/ifxetex/ifxetex.sty
Package: ifxetex 2009/01/23 v0.5 Provides ifxetex conditional
)
(/usr/share/texmf-texlive/tex/latex/oberdiek/hycolor.sty
Package: hycolor 2009/10/02 v1.5 Code for color options of hyperref/bookmark (H
O)

(/usr/share/texmf-texlive/tex/latex/oberdiek/xcolor-patch.sty
Package: xcolor-patch 2009/10/02 xcolor patch
))
\@linkdim=\dimen180
\Hy@linkcounter=\count151
\Hy@pagecounter=\count152

(/usr/share/texmf-texlive/tex/latex/hyperref/pd1enc.def
File: pd1enc.def 2009/10/09 v6.79a Hyperref: PDFDocEncoding definition (HO)
Now handling font encoding PD1 ...
... no UTF-8 mapping file for font encoding PD1
)
(/usr/share/texmf-texlive/tex/generic/oberdiek/etexcmds.sty
Package: etexcmds 2007/12/12 v1.2 Prefix for e-TeX command names (HO)

(/usr/share/texmf-texlive/tex/generic/oberdiek/infwarerr.sty
Package: infwarerr 2007/09/09 v1.2 Providing info/warning/message (HO)
)
Package etexcmds Info: Could not find \expanded.
(etexcmds)             That can mean that you are not using pdfTeX 1.50 or
(etexcmds)             that some package has redefined \expanded.
(etexcmds)             In the latter case, load this package earlier.
)
(/usr/share/texmf-texlive/tex/latex/latexconfig/hyperref.cfg
File: hyperref.cfg 2002/06/06 v1.2 hyperref configuration of TeXLive
)
(/usr/share/texmf-texlive/tex/latex/oberdiek/kvoptions.sty
Package: kvoptions 2009/08/13 v3.4 Keyval support for LaTeX options (HO)

(/usr/share/texmf-texlive/tex/generic/oberdiek/kvsetkeys.sty
Package: kvsetkeys 2009/07/30 v1.5 Key value parser with default handler suppor
t (HO)
))
Package hyperref Info: Option `final' set `true' on input line 2864.
Package hyperref Info: Option `bookmarks' set `true' on input line 2864.
Package hyperref Info: Option `bookmarksnumbered' set `true' on input line 2864
.


Package hyperref Warning: Values of option `pdfpagemode':
(hyperref)                * `UseNone'
(hyperref)                * `UseOutlines'
(hyperref)                * `UseThumbs'
(hyperref)                * `FullScreen'
(hyperref)                * `UseOC' (PDF 1.5)
(hyperref)                * `UseAttachments' (PDF 1.6)
(hyperref)                * An empty value disables the option.
(hyperref)                Unknown value `None' on input line 2864.

Package hyperref Info: Option `colorlinks' set `false' on input line 2864.
Package hyperref Info: Hyper figures OFF on input line 2975.
Package hyperref Info: Link nesting OFF on input line 2980.
Package hyperref Info: Hyper index ON on input line 2983.
Package hyperref Info: Plain pages OFF on input line 2990.
Package hyperref Info: Backreferencing OFF on input line 2995.
Implicit mode ON; LaTeX internals redefined
Package hyperref Info: Bookmarks ON on input line 3191.
(/usr/share/texmf-texlive/tex/latex/ltxmisc/url.sty
\Urlmuskip=\muskip11
Package: url 2006/04/12  ver 3.3  Verb mode for urls, etc.
)
LaTeX Info: Redefining \url on input line 3428.

(/usr/share/texmf-texlive/tex/generic/oberdiek/bitset.sty
Package: bitset 2007/09/28 v1.0 Data type bit set (HO)

(/usr/share/texmf-texlive/tex/generic/oberdiek/intcalc.sty
Package: intcalc 2007/09/27 v1.1 Expandable integer calculations (HO)
)
(/usr/share/texmf-texlive/tex/generic/oberdiek/bigintcalc.sty
Package: bigintcalc 2007/11/11 v1.1 Expandable big integer calculations (HO)

(/usr/share/texmf-texlive/tex/generic/oberdiek/pdftexcmds.sty
Package: pdftexcmds 2009/09/23 v0.6 LuaTeX support for pdfTeX utility functions
 (HO)

(/usr/share/texmf-texlive/tex/generic/oberdiek/ifluatex.sty
Package: ifluatex 2009/04/17 v1.2 Provides the ifluatex switch (HO)
Package ifluatex Info: LuaTeX not detected.
)
(/usr/share/texmf-texlive/tex/generic/oberdiek/ltxcmds.sty
Package: ltxcmds 2009/08/05 v1.0 Some LaTeX kernel commands for general use (HO
)
)
Package pdftexcmds Info: LuaTeX not detected.
Package pdftexcmds Info: \pdf@primitive is available.
Package pdftexcmds Info: \pdf@ifprimitive is available.
)))
\Fld@menulength=\count153
\Field@Width=\dimen181
\Fld@charsize=\dimen182
\Field@toks=\toks43
Package hyperref Info: Hyper figures OFF on input line 4377.
Package hyperref Info: Link nesting OFF on input line 4382.
Package hyperref Info: Hyper index ON on input line 4385.
Package hyperref Info: backreferencing OFF on input line 4392.
Package hyperref Info: Link coloring OFF on input line 4397.
Package hyperref Info: Link coloring with OCG OFF on input line 4402.
Package hyperref Info: PDF/A mode OFF on input line 4407.

(/usr/share/texmf-texlive/tex/generic/oberdiek/atbegshi.sty
Package: atbegshi 2008/07/31 v1.9 At begin shipout hook (HO)
)
\Hy@abspage=\count154
\c@Item=\count155
\c@Hfootnote=\count156
)
*hyperref using driver hpdftex*
(/usr/share/texmf-texlive/tex/latex/hyperref/hpdftex.def
File: hpdftex.def 2009/10/09 v6.79a Hyperref driver for pdfTeX
\Fld@listcount=\count157
)
(/usr/share/texmf-texlive/tex/latex/base/alltt.sty
Package: alltt 1997/06/16 v2.0g defines alltt environment
) (./theseGL.aux
(./chapitres/titre.aux) (./chapitres/remerciements.aux) (./chapitres/resume.aux
))
\openout1 = `theseGL.aux'.

LaTeX Font Info:    Checking defaults for OML/cmm/m/it on input line 103.
LaTeX Font Info:    ... okay on input line 103.
LaTeX Font Info:    Checking defaults for T1/cmr/m/n on input line 103.
LaTeX Font Info:    ... okay on input line 103.
LaTeX Font Info:    Checking defaults for OT1/cmr/m/n on input line 103.
LaTeX Font Info:    ... okay on input line 103.
LaTeX Font Info:    Checking defaults for OMS/cmsy/m/n on input line 103.
LaTeX Font Info:    ... okay on input line 103.
LaTeX Font Info:    Checking defaults for OMX/cmex/m/n on input line 103.
LaTeX Font Info:    ... okay on input line 103.
LaTeX Font Info:    Checking defaults for U/cmr/m/n on input line 103.
LaTeX Font Info:    ... okay on input line 103.
LaTeX Font Info:    Checking defaults for PD1/pdf/m/n on input line 103.
LaTeX Font Info:    ... okay on input line 103.
LaTeX Info: Redefining \degres on input line 103.


Package frenchb.ldf Warning: The definition of \@makecaption has been changed,
(frenchb.ldf)                frenchb will NOT customise it;
(frenchb.ldf)                reported on input line 103.

LaTeX Info: Redefining \dots on input line 103.
LaTeX Info: Redefining \up on input line 103.

Package frenchb.ldf Warning: OT1 encoding should not be used for French. 
(frenchb.ldf)                Add \usepackage[T1]{fontenc} to the preamble
(frenchb.ldf)                of your document, on input line 103.

(/usr/share/texmf-texlive/tex/context/base/supp-pdf.mkii
[Loading MPS to PDF converter (version 2006.09.02).]
\scratchcounter=\count158
\scratchdimen=\dimen183
\scratchbox=\box68
\nofMPsegments=\count159
\nofMParguments=\count160
\everyMPshowfont=\toks44
\MPscratchCnt=\count161
\MPscratchDim=\dimen184
\MPnumerator=\count162
\everyMPtoPDFconversion=\toks45
)
\c@lstlisting=\count163
 ABD: EveryShipout initializing macros
Package caption Info: Begin \AtBeginDocument code.
Package caption3 Info: subfig package 1.2 or 1.3 is loaded.
LaTeX Info: Redefining \subref on input line 103.
Package caption Info: hyperref package is loaded.
Package caption Info: End \AtBeginDocument code.
\c@minilofdepth=\count164
\c@minilotdepth=\count165
\c@partlofdepth=\count166
\c@partlotdepth=\count167
\c@sectlofdepth=\count168
\c@sectlotdepth=\count169
Package minitoc(hints) Info: I0049
(minitoc(hints))             ==> You requested the hints option. 
(minitoc(hints))             Some hints are eventually given below.


Package minitoc(hints) Warning: W0030
(minitoc(hints))                --- The \part command is altered 
(minitoc(hints))                after minitoc.


Package minitoc(hints) Warning: W0023
(minitoc(hints))                --- It may be the consequence 
(minitoc(hints))                of loading the ``hyperref'' package.


Package minitoc(hints) Warning: W0028
(minitoc(hints))                --- The \chapter command is altered 
(minitoc(hints))                after minitoc.


Package minitoc(hints) Warning: W0023
(minitoc(hints))                --- It may be the consequence 
(minitoc(hints))                of loading the ``hyperref'' package.

Package hyperref Info: Link coloring OFF on input line 103.
(/usr/share/texmf-texlive/tex/latex/hyperref/nameref.sty
Package: nameref 2007/05/29 v2.31 Cross-referencing by name of section

(/usr/share/texmf-texlive/tex/latex/oberdiek/refcount.sty
Package: refcount 2008/08/11 v3.1 Data extraction from references (HO)
)
\c@section@level=\count170
LaTeX Info: Redefining \Ref on input line 396.
)
LaTeX Info: Redefining \ref on input line 103.
LaTeX Info: Redefining \pageref on input line 103.
 (./theseGL.out)
(./theseGL.out)
\@outlinefile=\write5
\openout5 = `theseGL.out'.

\AtBeginShipoutBox=\box69
LaTeX Info: Redefining \Ref on input line 103.
\openout2 = `chapitres/titre.aux'.

 (./chapitres/titre.tex

LaTeX Font Warning: Font shape `OT1/cmr/bx/n' in size <15> not available
(Font)              size <14.4> substituted on input line 26.


LaTeX Font Warning: Font shape `OT1/cmr/m/n' in size <15> not available
(Font)              size <14.4> substituted on input line 26.


LaTeX Font Warning: Font shape `OT1/cmtt/m/n' in size <15> not available
(Font)              size <14.4> substituted on input line 26.


LaTeX Font Warning: Font shape `OT1/cmr/bx/n' in size <20> not available
(Font)              size <20.74> substituted on input line 26.


LaTeX Font Warning: Font shape `OT1/cmr/bx/n' in size <22> not available
(Font)              size <20.74> substituted on input line 26.


Underfull \vbox (badness 1297) detected at line 26
 []

[1


{/var/lib/texmf/fonts/map/pdftex/updmap/pdftex.map}] [2])
\openout2 = `chapitres/remerciements.aux'.


(./chapitres/remerciements.tex) [0


]pdfTeX warning (ext4): destination with the same identifier (name{page.0}) has
 been already used, duplicate ignored
<to be read again> 
                   \relax 
l.117 	\include{chapitres/resume}
                                  [0

]
\openout2 = `chapitres/resume.aux'.

 (./chapitres/resume.tex
Missing character: There is no é in font cmbx12!
)pdfTeX warning (ext4): destination with the same identifier (name{page.1}) has
 been already used, duplicate ignored
<to be read again> 
                   \relax 
l.117 	\include{chapitres/resume}
                                  [1


]pdfTeX warning (ext4): destination with the same identifier (name{page.2}) has
 been already used, duplicate ignored
<to be read again> 
                   \relax 
l.120 	\tableofcontents
                        [2


] (./theseGL.toc [3] [4] [5])
\tf@toc=\write6
\openout6 = `theseGL.toc'.

 [6]
(./chapitres/introduction.tex) [7

] [8

]
Chapitre I.
(./chapitres/art/introduction.tex) (./chapitres/art/incertitude.tex [9]
Overfull \hbox (16.63553pt too wide) in paragraph at lines 12--14
\OT1/cmr/m/n/10.95 cherche g^^Sen^^Seralement ^^Ra op-ti-mi-ser le syst^^Reme d
ans le cas moyen (mi-ni-mi-ser l'esp^^Serance math^^Sematique
 []

[10]
Underfull \hbox (badness 10000) in paragraph at lines 26--27

 []


Underfull \hbox (badness 10000) in paragraph at lines 43--44

 []

[11]
Overfull \hbox (1.76009pt too wide) in paragraph at lines 53--54
[]\OT1/cmr/m/n/10.95 Dans cette th^^Rese nous ne vou-lons pas es-sayer de pr^^S
evoir l'impr^^Sevisible, de faire des pr^^Sedictions,
 []

[12]
Underfull \hbox (badness 10000) in paragraph at lines 63--64

 []


Underfull \hbox (badness 10000) in paragraph at lines 68--70

 []


Underfull \hbox (badness 10000) in paragraph at lines 73--74

 []

[13] [14]
Overfull \hbox (0.1164pt too wide) in paragraph at lines 125--126
[]\OT1/cmr/m/n/10.95 Les mo-di-fi-ca-tions pro-voqu^^Sees par la dy-na-mique im
-posent une grande r^^Seactivit^^Se de la m^^Sethode
 []

[15]
Underfull \hbox (badness 10000) in paragraph at lines 132--133

 []


Underfull \hbox (badness 10000) in paragraph at lines 135--136

 []

[16]

LaTeX Font Warning: Font shape `OT1/cmr/bx/sc' undefined
(Font)              using `OT1/cmr/bx/n' instead on input line 140.


Underfull \hbox (badness 10000) in paragraph at lines 155--156

 []


Underfull \hbox (badness 10000) in paragraph at lines 157--158

 []


Underfull \hbox (badness 10000) in paragraph at lines 159--160

 []

[17]
Overfull \hbox (21.47012pt too wide) in paragraph at lines 171--174
[]\OT1/cmr/m/n/10.95 Plus r^^Secemment, des r^^Seseaux de neu-rones ap-pel^^Ses
 cartes auto-organisatrices (ou auto-adaptatives)
 []


Underfull \hbox (badness 10000) in paragraph at lines 171--174

 []

[18] [19]
Overfull \hbox (33.84857pt too wide) in paragraph at lines 199--200
[]\OT1/cmr/m/n/10.95 L'optimisation par co-lo-nie de four-mis (Ant Co-lony Op-t
i-mi-za-tion) est ^^Segalement une m^^Setaheuristique
 []


Overfull \hbox (19.43097pt too wide) in paragraph at lines 201--205
[]\OT1/cmr/m/n/10.95 Cette tech-nique est is-sue de l'ob-ser-va-tion de De-neu-
bourg en 1983 (voir [[]])
 []


Overfull \hbox (31.1883pt too wide) in paragraph at lines 206--207
[]\OT1/cmr/m/n/10.95 Le point fort de cette m^^Sethode de com-mu-ni-ca-tion in-
di-recte, ap-pel^^See stig-mer-gie (voir [[]]),
 []


Underfull \vbox (badness 3826) has occurred while \output is active []

 [20]
[21]
Underfull \hbox (badness 10000) in paragraph at lines 276--278

 []


Overfull \hbox (78.90746pt too wide) in paragraph at lines 287--288
[]\OT1/cmr/bx/sc/10.95 Min-Max Ant Sys-tem \OT1/cmr/m/n/10.95 ($\OML/cmm/m/it/1
0.95 MMAS$\OT1/cmr/m/n/10.95 ) : d^^Sevelopp^^Se en 2000 par St^^?utzle et Hoos
 (voir [[]]).
 []

[22]
Overfull \hbox (1.54572pt too wide) in paragraph at lines 316--317
[]$\OML/cmm/m/it/10.95 Ant \OMS/cmsy/m/n/10.95 ^^@ \OML/cmm/m/it/10.95 Q$ \OT1/
cmr/m/n/10.95 (voir [[]]), bas^^See sur l'al-go-rithme $\OML/cmm/m/it/10.95 Q$\
OT1/cmr/m/n/10.95 -learning, o^^Ru $^^A\OML/cmm/m/it/10.95 ^^\[] \OT1/cmr/m/n/1
0.95 =
 []

[23]) [24] (./chapitres/art/tsp.tex
Underfull \hbox (badness 10000) in paragraph at lines 7--10

 []


Underfull \hbox (badness 10000) in paragraph at lines 11--12

 []


Underfull \hbox (badness 10000) in paragraph at lines 13--14

 []

[25] [26]
Underfull \hbox (badness 10000) in paragraph at lines 55--56

 []

[27] [28] [29] [30]
Overfull \hbox (15.00273pt too wide) in paragraph at lines 124--125
\OT1/cmr/m/n/10.95 Bu-di-nich et Ro-sa-rio [[]], Aras et al. [[]], ou plus r^^S
ecemment
 []

[31]
Overfull \hbox (8.16124pt too wide) in paragraph at lines 127--130
 \OT1/cmr/bx/sc/10.95 Les al-go-rithmes g^^Sen^^Setiques[] \OT1/cmr/m/n/10.95 (
\OT1/cmr/m/it/10.95 Ge-ne-tic Al-go-rithms\OT1/cmr/m/n/10.95 ) ont lar-ge-ment 
^^Set^^Se uti-lis^^Ses pour r^^Sesoudre
 []


LaTeX Warning: `h' float specifier changed to `ht'.

[32]
Underfull \hbox (badness 10000) in paragraph at lines 231--232

 []


Underfull \vbox (badness 10000) has occurred while \output is active []

 [33]
[34]
Overfull \hbox (7.51807pt too wide) in paragraph at lines 255--256
[]\OT1/cmr/m/n/10.95 des vi-tesses diff^^Serentes en fonc-tion des voya-geurs :
 $\OML/cmm/m/it/10.95 G \OT1/cmr/m/n/10.95 = (\OML/cmm/m/it/10.95 V; E; w[]\OT1
/cmr/m/n/10.95 )$ si le graphe est sym^^Setrique,
 []


Underfull \hbox (badness 10000) in paragraph at lines 275--276

 []


Overfull \hbox (5.1655pt too wide) in paragraph at lines 279--280
[]\OT1/cmr/m/n/10.95 Les ver-sions du probl^^Reme com-por-tant une contrainte d
e ca-pa-cit^^Se sont g^^Sen^^Seralement cat^^Segoris^^Ses
 []


Underfull \vbox (badness 10000) has occurred while \output is active []

 [35]
Overfull \hbox (32.11472pt too wide) in paragraph at lines 286--287
\OT1/cmr/m/n/10.95 r^^Separateurs doivent r^^Separer un cer-tain nombre ca-bine
s t^^Sel^^Sephoniques r^^Separties g^^Seographiquement.
 []


Underfull \vbox (badness 6641) has occurred while \output is active []

 [36]
Underfull \vbox (badness 3271) has occurred while \output is active []

 [37]
Underfull \hbox (badness 10000) in paragraph at lines 318--319

 []

[38]
Underfull \hbox (badness 10000) in paragraph at lines 331--335

 []


Underfull \hbox (badness 10000) in paragraph at lines 336--337

 []

[39]
Overfull \hbox (37.41922pt too wide) in paragraph at lines 420--485
 [][] 
 []

[40]
Underfull \hbox (badness 10000) in paragraph at lines 492--493

 []


Underfull \vbox (badness 2173) has occurred while \output is active []

 [41]
Overfull \hbox (6.0518pt too wide) in paragraph at lines 564--565
\OT1/cmr/m/n/10.95 d^^Setaillant dans ce der-nier cas les m^^Sethodes de constr
uc-tion, d'am^^Selioration et les m^^Setaheuristiques. 
 []

[42]
Overfull \hbox (29.41422pt too wide) in paragraph at lines 570--571
\OT1/cmr/m/n/10.95 probl^^Reme ^^Sevoqu^^Sees dans cet ^^Setat de l'art sont di
s-po-nibles ^^Ra cette adresse : []http ://www.tsp.gatech.edu/[]. 
 []

) (./chapitres/art/vrp.tex
Underfull \hbox (badness 10000) in paragraph at lines 6--9

 []

[43] [44] [45] [46] [47] [48]
Overfull \hbox (1.80795pt too wide) in paragraph at lines 113--114
\OT1/cmr/m/n/10.95 jus-qu'^^Ra 135 clients. En-fin, Bal-dacci et al. ont d^^Sev
elopp^^Se dans [[]] une m^^Sethode
 []

[49]
Overfull \hbox (28.49513pt too wide) in paragraph at lines 125--126
[]\OT1/cmr/m/n/10.95 La premi^^Rere heu-ris-tique fut pro-pos^^See par Dant-zig
 et Ram-ser en 1959 ([[]]).
 []

[50]
Underfull \hbox (badness 10000) in paragraph at lines 136--138

 []


Overfull \hbox (12.53659pt too wide) in paragraph at lines 141--142
\OT1/cmr/m/n/10.95 peuvent-^etre trouv^^Ses dans [[]] et [[]]. Plus de pr^^Seci
sion sur les m^^Sethodes
 []

[51]
Underfull \hbox (badness 10000) in paragraph at lines 150--151

 []


Underfull \hbox (badness 10000) in paragraph at lines 152--153

 []

[52]
Underfull \hbox (badness 10000) in paragraph at lines 160--162

 []

[53]
Underfull \hbox (badness 10000) in paragraph at lines 167--168

 []


Underfull \hbox (badness 10000) in paragraph at lines 170--172

 []

[54]
Overfull \hbox (8.94016pt too wide) in paragraph at lines 187--191
\OT1/cmr/m/n/10.95 ca-ract^^Reres (contrai-re-ment ^^Ra la repr^^Sesentation bi
-naire uti-lis^^See par Than-giah dans [[]]).
 []


Underfull \hbox (badness 10000) in paragraph at lines 187--191

 []


Underfull \vbox (badness 10000) has occurred while \output is active []

 [55]
Underfull \vbox (badness 3758) has occurred while \output is active []

 [56]
Underfull \hbox (badness 10000) in paragraph at lines 205--206

 []


Underfull \vbox (badness 1112) has occurred while \output is active []

 [57]
Underfull \hbox (badness 10000) in paragraph at lines 217--220

 []

[58] [59] [60]
Overfull \hbox (79.3548pt too wide) in paragraph at lines 260--262
\OT1/cmr/m/n/10.95 cadre du probl^^Reme de trans-port ^^Ra la de-mande (voir [[
],
 []

[61]
Overfull \hbox (2.28438pt too wide) in paragraph at lines 265--266
[]\OT1/cmr/m/n/10.95 Plus r^^Secemment, les tra-vaux de Yang et al. (voir [[]])
 concernent des probl^^Remes
 []


Overfull \hbox (17.79262pt too wide) in paragraph at lines 271--272
\OT1/cmr/m/n/10.95 miques de tourn^^Sees de v^^Sehicules, not-tament ce-lui de 
Be-nya-hia et Pot-vin [[]]
 []


Overfull \hbox (56.48148pt too wide) in paragraph at lines 274--276
\OT1/cmr/m/n/10.95 m^^Sethode est bas^^See sur l'Ant Co-lony Sys-tem de Do-rigo
 et Gam-bar-della (voir [[]])
 []


Underfull \hbox (badness 10000) in paragraph at lines 274--276

 []


Overfull \hbox (0.98619pt too wide) in paragraph at lines 278--279
\OT1/cmr/m/n/10.95 TW). Des tours d'ho-ri-zon r^^Secents du probl^^Reme peuvent
 ^etre trouv^^Ses dans [[]],
 []

[62]) (./chapitres/art/jssp.tex [63] [64]
Overfull \hbox (8.36221pt too wide) in paragraph at lines 36--37
\OT1/cmr/m/n/10.95 D'autres ca-ract^^Seristiques peuvent ^etre ^^Segalement pri
ses en compte et not-tament dans les probl^^Remes
 []

[65] [66] [67]
Overfull \hbox (37.88246pt too wide) in paragraph at lines 73--75
\OT1/cmr/m/n/10.95 (voir [[]]) et la \OT1/cmr/m/it/10.95 Set-tling Es-sen-tial 
Conflicts : SEC \OT1/cmr/m/n/10.95 (voir [[]]).
 []


Overfull \hbox (8.11887pt too wide) in paragraph at lines 73--75
\OT1/cmr/m/n/10.95 inf^^Serieure de l'al-go-rithme (voir [[], [], [],
 []


Overfull \hbox (2.55984pt too wide) in paragraph at lines 73--75
[]\OT1/cmr/m/n/10.95 ]). Toutes ces ap-proches uti-lisent un graphe dis-jonc-ti
f afin de repr^^Sesenter
 []


Underfull \hbox (badness 10000) in paragraph at lines 78--79

 []


Overfull \hbox (93.76938pt too wide) in paragraph at lines 88--89
[]\OT1/cmr/m/n/10.95 Une re-vue de litt^^Serature concer-nant ces r^^Regles de 
prio-rit^^Ses peut ^etre trouv^^See dans [[]]. 
 []


Underfull \hbox (badness 10000) in paragraph at lines 88--89

 []


Overfull \hbox (109.16437pt too wide) in paragraph at lines 90--91
\OT1/cmr/m/n/10.95 ple-gate et Cook (voir [[]]), Dauz^^Rere-P^^Ser^^Res et Las-
sere (voir [[]]),
 []


Overfull \hbox (40.24619pt too wide) in paragraph at lines 90--91
\OT1/cmr/m/n/10.95 Ba-las et al. (voir [[]]) et par Ba-las et Va-za-co-pou-los 
(voir [[]]). 
 []

[68] [69]
Underfull \vbox (badness 10000) has occurred while \output is active []

 [70]
Underfull \vbox (badness 3525) has occurred while \output is active []

 [71]
Underfull \vbox (badness 10000) has occurred while \output is active []

 [72]
[73] [74]
Underfull \vbox (badness 3758) has occurred while \output is active []

 [75])
(./chapitres/art/conclusions.tex [76])
Underfull \vbox (badness 3758) has occurred while \output is active []

 [77]
[78]
Chapitre II.
(./chapitres/application/introduction.tex
<chapitres/application/worldContainerTraffic.png, id=1559, 1150.2975pt x 688.07
062pt>
File: chapitres/application/worldContainerTraffic.png Graphic file (type png)
 <use chapitres/application/worldContainerTraffic.png> [79

]
<chapitres/application/BICconteneur.jpg, id=1572, 793.96625pt x 803.0pt>
File: chapitres/application/BICconteneur.jpg Graphic file (type jpg)

<use chapitres/application/BICconteneur.jpg>
Underfull \hbox (badness 10000) in paragraph at lines 41--42

 []

[80 <./chapitres/application/worldContainerTraffic.png (PNG copy)> <./chapitres
/application/BICconteneur.jpg>]
Underfull \hbox (badness 10000) in paragraph at lines 103--104

 []


Underfull \hbox (badness 10000) in paragraph at lines 107--108

 []

[81]
<chapitres/application/citeUConteneurs.jpg, id=1586, 569.12625pt x 378.41376pt>
File: chapitres/application/citeUConteneurs.jpg Graphic file (type jpg)
<use chapitres/application/citeUConteneurs.jpg>)
(./chapitres/application/terminaux.tex [82 <./chapitres/application/citeUConten
eurs.jpg>]
<chapitres/application/3zonesDuTN.png, id=1592, 541.27219pt x 361.35pt>
File: chapitres/application/3zonesDuTN.png Graphic file (type png)

<use chapitres/application/3zonesDuTN.png> [83 <./chapitres/application/3zonesD
uTN.png>]
<chapitres/application/portique_barge.jpg, id=1601, 376.40625pt x 277.035pt>
File: chapitres/application/portique_barge.jpg Graphic file (type jpg)

<use chapitres/application/portique_barge.jpg>
<chapitres/application/agv.png, id=1604, 602.25pt x 335.2525pt>
File: chapitres/application/agv.png Graphic file (type png)

<use chapitres/application/agv.png> [84 <./chapitres/application/portique_barge
.jpg>] <chapitres/application/enginsTN.png, id=1611, 501.875pt x 225.84375pt>
File: chapitres/application/enginsTN.png Graphic file (type png)

<use chapitres/application/enginsTN.png>
<chapitres/application/schema_sc.jpg, id=1614, 490.35194pt x 577.61798pt>
File: chapitres/application/schema_sc.jpg Graphic file (type jpg)

<use chapitres/application/schema_sc.jpg>
<chapitres/application/tn-straddle-carriers.jpg, id=1615, 170.6375pt x 124.465p
t>
File: chapitres/application/tn-straddle-carriers.jpg Graphic file (type jpg)
 <use chapitres/application/tn-straddle-carriers.jpg>
<chapitres/application/containerlift_straddle_carrier.jpg, id=1616, 1541.76pt x
 2055.68pt>
File: chapitres/application/containerlift_straddle_carrier.jpg Graphic file (ty
pe jpg)
 <use chapitres/application/containerlift_straddle_carrier.jpg>
[85 <./chapitres/application/agv.png> <./chapitres/application/enginsTN.png>]
[86 <./chapitres/application/schema_sc.jpg> <./chapitres/application/tn-straddl
e-carriers.jpg> <./chapitres/application/containerlift_straddle_carrier.jpg>]
[87] <chapitres/application/planSC.jpg, id=1637, 1594.45688pt x 1065.9825pt>
File: chapitres/application/planSC.jpg Graphic file (type jpg)

<use chapitres/application/planSC.jpg> [88 <./chapitres/application/planSC.jpg>
]
<chapitres/application/terminalDeNormandie.jpg, id=1647, 1505.625pt x 825.0825p
t>
File: chapitres/application/terminalDeNormandie.jpg Graphic file (type jpg)
 <use chapitres/application/terminalDeNormandie.jpg> [89]
<chapitres/application/terminalDeNormandieGoogleMaps.jpg, id=1654, 1116.42094pt
 x 628.59843pt>
File: chapitres/application/terminalDeNormandieGoogleMaps.jpg Graphic file (typ
e jpg)
 <use chapitres/application/terminalDeNormandieGoogleMaps.jpg>
Underfull \hbox (badness 10000) in paragraph at lines 164--165

 []

[90 <./chapitres/application/terminalDeNormandie.jpg> <./chapitres/application/
terminalDeNormandieGoogleMaps.jpg>]) (./chapitres/application/optTerminaux.tex
[91]
Overfull \hbox (1.0318pt too wide) in paragraph at lines 34--35
\OT1/cmr/m/n/10.95 quais im-menses mais re-qui^^Rerent ^^Segalement par exemple
 une dis-tance im-por-tante entre l'extr^^Semit^^Se
 []

[92]
<chapitres/application/terminalDeYangshan.jpg, id=1672, 1180.41pt x 382.42876pt
>
File: chapitres/application/terminalDeYangshan.jpg Graphic file (type jpg)
 <use chapitres/application/terminalDeYangshan.jpg> [93 <./chapitres/applicatio
n/terminalDeYangshan.jpg>] [94] [95]
<chapitres/application/sc_crash.jpg, id=1686, 469.755pt x 349.305pt>
File: chapitres/application/sc_crash.jpg Graphic file (type jpg)

<use chapitres/application/sc_crash.jpg>
Underfull \vbox (badness 10000) has occurred while \output is active []

 [96 <./chapitres/application/sc_crash.jpg>] [97] [98]
Underfull \hbox (badness 10000) in paragraph at lines 168--169

 []

) (./chapitres/application/conclusions.tex
Underfull \hbox (badness 10000) in paragraph at lines 3--5

 []

) [99] [100

]
Chapitre III.
(./chapitres/ordo/ordonnancement.tex
Overfull \hbox (0.84758pt too wide) in paragraph at lines 2--4
[]\OT1/cmr/m/n/10.95 Comme d^^Sefinit dans le cha-pitre pr^^Sec^^Sedent, ce pro
bl^^Reme concerne deux probl^^Remes d^^Sependants :
 []

[101] [102] [103]
Overfull \hbox (0.8463pt too wide) in paragraph at lines 54--64
[]\OT1/cmr/m/n/10.95 Les cha-riots ca-va-liers sont pi-lot^^Ses par des op^^Ser
ateurs qui agissent se-lon leurs propres d^^Secisions.
 []


Underfull \hbox (badness 10000) in paragraph at lines 66--71

 []

[104] [105]
Underfull \hbox (badness 10000) in paragraph at lines 125--126

 []


Underfull \hbox (badness 10000) in paragraph at lines 129--134

 []


Underfull \vbox (badness 5504) has occurred while \output is active []

 [106]
Underfull \vbox (badness 6641) has occurred while \output is active []

 [107]
Underfull \hbox (badness 10000) in paragraph at lines 159--161

 []


Underfull \hbox (badness 10000) in paragraph at lines 162--163

 []

[108] [109]
Underfull \vbox (badness 10000) has occurred while \output is active []

 [110]
[111]
Underfull \hbox (badness 10000) in paragraph at lines 294--295

 []


Overfull \hbox (12.5568pt too wide) in paragraph at lines 301--302
[]\OT1/cmr/m/n/10.95 La sec-tion pr^^Sec^^Sedente mod^^Selise le probl^^Reme d'
af-fec-ta-tion et d'or-don-nan-ce-ment des d^^Seplacements
 []


Overfull \hbox (1.06947pt too wide) in paragraph at lines 301--302
\OT1/cmr/m/n/10.95 de conte-neurs aux cha-riots ca-va-liers en tant qu'un probl
^^Reme de tourn^^Sees de v^^Sehicules. N^^Seanmoins,
 []

[112] [113] [114] [115] [116]
Overfull \hbox (8.908pt too wide) in paragraph at lines 552--553
[]\OT1/cmr/m/n/10.95 Dans les deux for-mu-la-tions, la dy-na-mique in-fluence l
es donn^^Sees du mod^^Rele et chaque ^^Sev^^Senement
 []

[117] [118] (./chapitres/ordo/exempleBB.tex
LaTeX Font Info:    Try loading font information for OMS+cmr on input line 120.


(/usr/share/texmf-texlive/tex/latex/base/omscmr.fd
File: omscmr.fd 1999/05/25 v2.5h Standard LaTeX font definitions
)
LaTeX Font Info:    Font shape `OMS/cmr/m/n' in size <6> not available
(Font)              Font shape `OMS/cmsy/m/n' tried instead on input line 120.

Overfull \hbox (3.93797pt too wide) in paragraph at lines 120--121
[][] 
 []


Overfull \hbox (3.93797pt too wide) in paragraph at lines 244--245
[][] 
 []


Overfull \hbox (3.93797pt too wide) in paragraph at lines 372--373
[][] 
 []


Overfull \hbox (3.93797pt too wide) in paragraph at lines 506--507
[][] 
 []

) [119] [120] [121] [122]
Overfull \hbox (1.19243pt too wide) in paragraph at lines 600--601
\OT1/cmr/m/n/10.95 de main-te-nir une struc-ture de m^^Semorisation des so-lu-t
ions d^^Sej^^Ra ^^Sevalu^^Sees. Ainsi, lors de l'^^Sevaluation
 []

Package hyperref Info: bookmark level for unknown algocf defaults to 0 on input
 line 614.

Underfull \hbox (badness 10000) detected at line 616
[][]
 []


Underfull \hbox (badness 10000) in paragraph at lines 606--617

 []


Overfull \hbox (2.52205pt too wide) in paragraph at lines 624--624
[]|$\OML/cmm/m/it/10.95 A$| 
 []


Overfull \hbox (1.65515pt too wide) in paragraph at lines 624--624
[]|$\OML/cmm/m/it/10.95 S$| 
 []


Underfull \hbox (badness 10000) detected at line 645
[][]
 []


Underfull \hbox (badness 10000) in paragraph at lines 618--646

 []


Underfull \vbox (badness 10000) has occurred while \output is active []

 [123

]
[124]
Overfull \hbox (2.94637pt too wide) in paragraph at lines 658--659
[]\OT1/cmr/m/n/10.95 Vu la ra-pi-dit^^Se d'ob-ten-tion d'une so-lu-tion gr^ace 
^^Ra cette m^^Sethode, il est en-vi-sa-geable d'am^^Seliorer
 []

[125] [126] [127] [128]
Underfull \vbox (badness 2189) has occurred while \output is active []

 [129]
Overfull \hbox (4.06113pt too wide) in paragraph at lines 778--783
[][] 
 []


Underfull \hbox (badness 10000) in paragraph at lines 778--783

 []

[130]
Underfull \hbox (badness 10000) detected at line 840
[][]
 []


LaTeX Warning: Float too large for page by 36.0307pt on input line 840.


Overfull \hbox (26.18362pt too wide) in paragraph at lines 854--868
[][] 
 []

[131] [132]
Overfull \hbox (8.48822pt too wide) in paragraph at lines 869--870
[]\OT1/cmr/m/n/10.95 La va-leur id^^Seale pour cha-cun de ses pa-ram^^Retres se
 d^^Setermine de mani^^Rere em-pi-rique. N^^Seanmoins,
 []


Overfull \hbox (5.80725pt too wide) in paragraph at lines 869--870
\OT1/cmr/m/n/10.95 il est pos-sible de pr^^Sed^^Sefinir des va-leurs ini-tiales
 en pren-nant en compte les re-la-tions math^^Sematiques
 []


Underfull \hbox (badness 10000) in paragraph at lines 869--870

 []


Underfull \hbox (badness 10000) in paragraph at lines 871--872

 []


Underfull \vbox (badness 2790) has occurred while \output is active []

 [133]
Underfull \hbox (badness 10000) in paragraph at lines 880--881

 []


Underfull \hbox (badness 10000) in paragraph at lines 882--883

 []


Underfull \hbox (badness 10000) in paragraph at lines 884--885

 []


Underfull \hbox (badness 10000) in paragraph at lines 886--887

 []


Underfull \vbox (badness 10000) has occurred while \output is active []

 [134]
[135] [136]

LaTeX Warning: `h' float specifier changed to `ht'.

[137] [138] [139]

LaTeX Warning: `h' float specifier changed to `ht'.

[140] [141]
Underfull \hbox (badness 10000) detected at line 1256
[][]
 []


Underfull \hbox (badness 10000) in paragraph at lines 1247--1257

 []


Underfull \hbox (badness 10000) detected at line 1290
[][]
 []


Underfull \hbox (badness 10000) in paragraph at lines 1262--1291

 []

[142] [143]
Underfull \hbox (badness 10000) in paragraph at lines 1296--1297

 []

)
Overfull \hbox (26.18362pt too wide) in paragraph at lines 1298--187
[][]
 []


Underfull \hbox (badness 10000) in paragraph at lines 1298--187

 []

(./chapitres/ordo/conclusions.tex [144]
Overfull \hbox (3.58513pt too wide) in paragraph at lines 13--14
[]\OT1/cmr/m/n/10.95 Afin de pro-duire des so-lu-tions de qua-lit^^Se sa-tis-fa
i-sante en un temps rai-son-nable, deux m^^Sethodes
 []


Underfull \hbox (badness 10000) in paragraph at lines 13--14

 []

) [145] [146

]
Chapitre IV.
(./chapitres/simulation/introduction.tex [147]
<./chapitres/simulation/bornesLaser.jpg, id=2176, 64.75392pt x 43.21745pt>
File: ./chapitres/simulation/bornesLaser.jpg Graphic file (type jpg)

<use ./chapitres/simulation/bornesLaser.jpg>
<./chapitres/simulation/triangularisationLaser.jpg, id=2179, 51.88986pt x 28.47
438pt>
File: ./chapitres/simulation/triangularisationLaser.jpg Graphic file (type jpg)

 <use ./chapitres/simulation/triangularisationLaser.jpg> [148 <./chapitres/simu
lation/bornesLaser.jpg> <./chapitres/simulation/triangularisationLaser.jpg>]) (
./chapitres/simulation/specifications.tex)
Underfull \vbox (badness 4403) has occurred while \output is active []

 [149]
(./chapitres/simulation/architecture.tex
<chapitres/simulation/grapheRoutier.png, id=2193, 541.27219pt x 417.81094pt>
File: chapitres/simulation/grapheRoutier.png Graphic file (type png)

<use chapitres/simulation/grapheRoutier.png>

LaTeX Warning: `h' float specifier changed to `ht'.

[150] <chapitres/simulation/3zonesDuTN.png, id=2200, 541.27219pt x 361.35pt>
File: chapitres/simulation/3zonesDuTN.png Graphic file (type png)

<use chapitres/simulation/3zonesDuTN.png>

LaTeX Warning: `h' float specifier changed to `ht'.

[151 <./chapitres/simulation/grapheRoutier.png>] [152 <./chapitres/simulation/3
zonesDuTN.png>]
<chapitres/simulation/captureBornesLaser.png, id=2211, 1487.36322pt x 898.66174
pt>
File: chapitres/simulation/captureBornesLaser.png Graphic file (type png)
 <use chapitres/simulation/captureBornesLaser.png> [153 <./chapitres/simulation
/captureBornesLaser.png (PNG copy)>]
Overfull \hbox (3.70686pt too wide) in paragraph at lines 69--70
[]\OT1/cmr/m/n/10.95 L'objectif ^^Setant d'^^Setudier l'im-pact de la dy-na-mi-
cit^^Se sur l'^^Sevolution du syst^^Reme, la mod^^Selisation
 []

<chapitres/simulation/capture3m33s.png, id=2219, 792.6387pt x 534.95511pt>
File: chapitres/simulation/capture3m33s.png Graphic file (type png)

<use chapitres/simulation/capture3m33s.png>
<chapitres/simulation/capture3m35s.png, id=2220, 794.1929pt x 536.5262pt>
File: chapitres/simulation/capture3m35s.png Graphic file (type png)

<use chapitres/simulation/capture3m35s.png>

LaTeX Warning: `h' float specifier changed to `ht'.

[154] [155 <./chapitres/simulation/capture3m33s.png (PNG copy)> <./chapitres/si
mulation/capture3m35s.png (PNG copy)>] [156

]
<./chapitres/simulation/planTerminalSommaire.png, id=2239, 1471.82129pt x 771.4
037pt>
File: ./chapitres/simulation/planTerminalSommaire.png Graphic file (type png)
 <use ./chapitres/simulation/planTerminalSommaire.png>
<./chapitres/simulation/planTerminalComplet.jpg, id=2242, 1125.20375pt x 595.22
375pt>
File: ./chapitres/simulation/planTerminalComplet.jpg Graphic file (type jpg)
 <use ./chapitres/simulation/planTerminalComplet.jpg> [157 <./chapitres/simulat
ion/planTerminalSommaire.png (PNG copy)>] [158 <./chapitres/simulation/planTerm
inalComplet.jpg>]
(/usr/share/texmf-texlive/tex/latex/listings/lstlang1.sty
File: lstlang1.sty 2004/09/05 1.3 listings language file
)
(/usr/share/texmf-texlive/tex/latex/listings/lstmisc.sty
File: lstmisc.sty 2007/02/22 1.4 (Carsten Heinz)
)
Overfull \hbox (23.78589pt too wide) in paragraph at lines 215--216
\OT1/cmr/m/n/10.95 mod^^Selis^^See par la ba-lise []\OT1/cmtt/m/n/10.95 <pave i
d='' type='{BOAT, ROAD, TRAIN, STOCK}'> []</pave>\OT1/cmr/m/n/10.95 . []A l'int
^^Serieur
 []


Overfull \hbox (15.82016pt too wide) in paragraph at lines 215--216
\OT1/cmr/m/n/10.95 de cette ba-lise se trouvent les co-or-donn^^Sees des contou
rs de la zone. La ba-lise []\OT1/cmtt/m/n/10.95 <wall from='' to=''>
 []

<chapitres/simulation/pave.jpg, id=2254, 764.8575pt x 673.01437pt>
File: chapitres/simulation/pave.jpg Graphic file (type jpg)

<use chapitres/simulation/pave.jpg>

LaTeX Warning: `h' float specifier changed to `ht'.

[159] [160 <./chapitres/simulation/pave.jpg>] [161] [162] [163] [164]
Overfull \hbox (0.81483pt too wide) in paragraph at lines 412--413
[]\OT1/cmr/m/n/10.95 les lon-gueurs entre ces barres trans-ver-sales et les ext
r^^Semit^^Ses du cha-riot ([]\OT1/cmtt/m/n/10.95 'backOverLength'
 []

[165] [166]
Overfull \hbox (10.85344pt too wide) in paragraph at lines 471--473
[]\OT1/cmr/m/n/10.95 La classe abs-traite contient ^^Segalement toutes les stru
c-tures de donn^^Sees n^^Secessaire ^^Ra l'^^Selaboration
 []


Underfull \vbox (badness 10000) has occurred while \output is active []

 [167]
Underfull \vbox (badness 10000) has occurred while \output is active []

 [168]
[169] [170] [171]
Overfull \hbox (42.48225pt too wide) in paragraph at lines 658--659
[]\OT1/cmr/bx/it/10.95 common.io.jar \OT1/cmr/m/n/10.95 : une li-brai-rie four-
nie par \OT1/cmr/m/it/10.95 Apache \OT1/cmr/m/n/10.95 ^^Ra cette adresse : []ht
tp ://-com-mons.apache.org/io[]. 
 []

[172]

LaTeX Warning: `h' float specifier changed to `ht'.

<chapitres/simulation/comEADSLITIS.jpg, id=2529, 1436.36626pt x 520.94624pt>
File: chapitres/simulation/comEADSLITIS.jpg Graphic file (type jpg)

<use chapitres/simulation/comEADSLITIS.jpg>
(/usr/share/texmf-texlive/tex/latex/listings/lstlang1.sty
File: lstlang1.sty 2004/09/05 1.3 listings language file
)
(/usr/share/texmf-texlive/tex/latex/listings/lstlang2.sty
File: lstlang2.sty 2004/09/05 1.3 listings language file
) [173] [174] [175 <./chapitres/simulation/comEADSLITIS.jpg>] [176

]
<chapitres/simulation/ordonnancement.png, id=2636, 1248.665pt x 695.59875pt>
File: chapitres/simulation/ordonnancement.png Graphic file (type png)

<use chapitres/simulation/ordonnancement.png> [177 <./chapitres/simulation/ordo
nnancement.png>]
Overfull \hbox (3.43837pt too wide) in paragraph at lines 865--865
[]|\OT1/cmr/m/n/9 BranchAndBoundScheduler| 
 []

[178]
<chapitres/simulation/vue2D-vue-controle-infos.jpg, id=2669, 1445.4pt x 786.689
06pt>
File: chapitres/simulation/vue2D-vue-controle-infos.jpg Graphic file (type jpg)

 <use chapitres/simulation/vue2D-vue-controle-infos.jpg>

LaTeX Warning: `h' float specifier changed to `ht'.

<chapitres/simulation/ordo2D-Infos.jpg, id=2670, 919.93687pt x 456.20438pt>
File: chapitres/simulation/ordo2D-Infos.jpg Graphic file (type jpg)

<use chapitres/simulation/ordo2D-Infos.jpg>

LaTeX Warning: `h' float specifier changed to `ht'.

<chapitres/simulation/ordo3D-Graphe.jpg, id=2671, 917.67844pt x 456.95718pt>
File: chapitres/simulation/ordo3D-Graphe.jpg Graphic file (type jpg)

<use chapitres/simulation/ordo3D-Graphe.jpg>

LaTeX Warning: `h' float specifier changed to `ht'.

[179] [180 <./chapitres/simulation/vue2D-vue-controle-infos.jpg>] [181 <./chapi
tres/simulation/ordo2D-Infos.jpg>]
Overfull \hbox (36.7356pt too wide) in paragraph at lines 950--951
[]\OT1/cmr/m/n/10.95 Le g^^Sen^^Serateur d'^^Sev^^Senements per-met de g^^Sen^^
Serer un fi-chier []\OT1/cmtt/m/n/10.95 XML \OT1/cmr/m/n/10.95 conte-nant des b
a-lises []\OT1/cmtt/m/n/10.95 <event>[]</event>
 []

[182 <./chapitres/simulation/ordo3D-Graphe.jpg>])
(./chapitres/simulation/conclusions.tex) [183] [184

]
Chapitre V.
(./chapitres/resultats/introduction.tex) (./chapitres/resultats/protocole.tex)
(./chapitres/resultats/resultats.tex) (./chapitres/resultats/discussions.tex)
(./chapitres/resultats/conclusions.tex) [185] [186

]
(./chapitres/conclusions.tex) (./theseGL.bbl [187] [188

] [189] [190] [191]
[192] [193]
Underfull \hbox (badness 1072) in paragraph at lines 372--376
[]\OT1/cmr/m/n/10.95 Cornuejols, G. and Harche, F. (1993).  Po-ly-he-dral study

 []


Underfull \hbox (badness 1087) in paragraph at lines 372--376
\OT1/cmr/m/n/10.95 of the ca-pa-ci-ta-ted ve-hicle rou-ting pro-blem.  \OT1/cmr
/m/it/10.95 Ma-the-ma-ti-cal Pro-gram-ming\OT1/cmr/m/n/10.95 , 60 :21--52.
 []

[194] [195] [196] [197] [198] [199] [200] [201] [202]
Underfull \hbox (badness 1533) in paragraph at lines 1055--1059
[]\OT1/cmr/m/n/10.95 Menger, K. (1928).  Ein theo-rem ^^?uber die bo-genl^^?ang
e, an-zei-ger.  In
 []

[203] [204] [205] [206] [207] [208] [209])
Package minitoc Info: I0009
(minitoc)             Listing minitoc auxiliary files. 
(minitoc)             Creating the theseGL.maf file.
\openout4 = `theseGL.maf'.



Package minitoc(hints) Warning: W0024
(minitoc(hints))                Some hints have been written 
(minitoc(hints))                in the theseGL.log file.

[210] (./theseGL.aux (./chapitres/titre.aux) (./chapitres/remerciements.aux)
(./chapitres/resume.aux))

LaTeX Font Warning: Size substitutions with differences
(Font)              up to 1.26pt have occurred.


LaTeX Font Warning: Some font shapes were not available, defaults substituted.

 ) 
Here is how much of TeX's memory you used:
 27081 strings out of 495028
 477260 string characters out of 1181230
 1004584 words of memory out of 3000000
 28358 multiletter control sequences out of 15000+50000
 18556 words of font info for 67 fonts, out of 3000000 for 9000
 28 hyphenation exceptions out of 8191
 56i,24n,76p,1468b,3107s stack positions out of 5000i,500n,10000p,30000000b,50000s
</usr/share/texmf-texlive/fonts/type1/public/amsfonts/cm/cmbx10.pfb></usr/sha
re/texmf-texlive/fonts/type1/public/amsfonts/cm/cmbx12.pfb></usr/share/texmf-te
xlive/fonts/type1/public/amsfonts/cm/cmbx6.pfb></usr/share/texmf-texlive/fonts/
type1/public/amsfonts/cm/cmbx8.pfb></usr/share/texmf-texlive/fonts/type1/public
/amsfonts/cm/cmbx9.pfb></usr/share/texmf-texlive/fonts/type1/public/amsfonts/cm
/cmbxti10.pfb></usr/share/texmf-texlive/fonts/type1/public/amsfonts/cm/cmex10.p
fb></usr/share/texmf-texlive/fonts/type1/public/amsfonts/cmextra/cmex8.pfb></us
r/share/texmf-texlive/fonts/type1/public/amsfonts/cm/cmitt10.pfb></usr/share/te
xmf-texlive/fonts/type1/public/amsfonts/cm/cmmi10.pfb></usr/share/texmf-texlive
/fonts/type1/public/amsfonts/cm/cmmi5.pfb></usr/share/texmf-texlive/fonts/type1
/public/amsfonts/cm/cmmi6.pfb></usr/share/texmf-texlive/fonts/type1/public/amsf
onts/cm/cmmi8.pfb></usr/share/texmf-texlive/fonts/type1/public/amsfonts/cm/cmmi
9.pfb></usr/share/texmf-texlive/fonts/type1/public/amsfonts/cm/cmr10.pfb></usr/
share/texmf-texlive/fonts/type1/public/amsfonts/cm/cmr12.pfb></usr/share/texmf-
texlive/fonts/type1/public/amsfonts/cm/cmr5.pfb></usr/share/texmf-texlive/fonts
/type1/public/amsfonts/cm/cmr6.pfb></usr/share/texmf-texlive/fonts/type1/public
/amsfonts/cm/cmr7.pfb></usr/share/texmf-texlive/fonts/type1/public/amsfonts/cm/
cmr8.pfb></usr/share/texmf-texlive/fonts/type1/public/amsfonts/cm/cmr9.pfb></us
r/share/texmf-texlive/fonts/type1/public/amsfonts/cm/cmssi10.pfb></usr/share/te
xmf-texlive/fonts/type1/public/amsfonts/cm/cmsy10.pfb></usr/share/texmf-texlive
/fonts/type1/public/amsfonts/cm/cmsy6.pfb></usr/share/texmf-texlive/fonts/type1
/public/amsfonts/cm/cmsy8.pfb></usr/share/texmf-texlive/fonts/type1/public/amsf
onts/cm/cmsy9.pfb></usr/share/texmf-texlive/fonts/type1/public/amsfonts/cm/cmti
10.pfb></usr/share/texmf-texlive/fonts/type1/public/amsfonts/cm/cmti12.pfb></us
r/share/texmf-texlive/fonts/type1/public/amsfonts/cm/cmti9.pfb></usr/share/texm
f-texlive/fonts/type1/public/amsfonts/cm/cmtt10.pfb></usr/share/texmf-texlive/f
onts/type1/public/amsfonts/cm/cmtt12.pfb></usr/share/texmf-texlive/fonts/type1/
public/amsfonts/cm/cmtt8.pfb></usr/share/texmf-texlive/fonts/type1/public/amsfo
nts/cm/cmtt9.pfb></usr/share/texmf-texlive/fonts/type1/public/eurosym/feymr10.p
fb>
Output written on theseGL.pdf (214 pages, 12436213 bytes).
PDF statistics:
 3166 PDF objects out of 3580 (max. 8388607)
 1174 named destinations out of 1200 (max. 500000)
 971 words of extra memory for PDF output out of 10000 (max. 10000000)

